debug: Fri, 24 Jun 2022 00:59:56 GMT
debug: Project: D:\Project_CMS\NewProject
debug: Targets: editor,preview
debug: Incremental file seems great.
debug: Engine path: C:\CocosDashboard_1.2.0\resources\.editors\Creator\3.5.0\resources\resources\3d\engine
debug: Initializing target [Editor]
debug: Loading cache
debug: Loading cache costs 4.809200018644333ms.
debug: Engine features shipped in editor: base,gfx-webgl,gfx-webgl2,3d,animation,skeletal-animation,2d,ui,particle,particle-2d,physics-framework,physics-2d-framework,intersection-2d,primitive,profiler,audio,video,terrain,webview,tween,tiled-map,spine,dragon-bones,marionette
debug: Initializing target [Preview]
debug: Loading cache
debug: Loading cache costs 5.379199981689453ms.
debug: Sync engine features: 2d,animation,audio,base,dragon-bones,gfx-webgl,gfx-webgl2,intersection-2d,marionette,particle,particle-2d,physics-2d-box2d,physics-ammo,primitive,profiler,skeletal-animation,spine,terrain,tiled-map,tween,ui,video,webview
debug: Pulling asset-db.
debug: Fetch asset-db cost: 7.024199992418289ms.
debug: Build iteration starts.
Number of accumulated asset changes: 1
Feature changed: false
debug: Target(editor) build started.
debug: Detected change: cce:/internal/x/cc. Last mtime: Thu Jan 01 1970 08:00:06 GMT+0800 (Indochina Time), Current mtime: Thu Jan 01 1970 08:00:08 GMT+0800 (Indochina Time)
debug: Inspect cce:/internal/x/cc
debug: Resolve cce:/internal/x/cc-fu/base from cce:/internal/x/cc as external dependency cce:/internal/x/cc-fu/base.
debug: Resolve cce:/internal/x/cc-fu/gfx-webgl from cce:/internal/x/cc as external dependency cce:/internal/x/cc-fu/gfx-webgl.
debug: Resolve cce:/internal/x/cc-fu/gfx-webgl2 from cce:/internal/x/cc as external dependency cce:/internal/x/cc-fu/gfx-webgl2.
debug: Resolve cce:/internal/x/cc-fu/3d from cce:/internal/x/cc as external dependency cce:/internal/x/cc-fu/3d.
debug: Resolve cce:/internal/x/cc-fu/animation from cce:/internal/x/cc as external dependency cce:/internal/x/cc-fu/animation.
debug: Resolve cce:/internal/x/cc-fu/skeletal-animation from cce:/internal/x/cc as external dependency cce:/internal/x/cc-fu/skeletal-animation.
debug: Resolve cce:/internal/x/cc-fu/2d from cce:/internal/x/cc as external dependency cce:/internal/x/cc-fu/2d.
debug: Resolve cce:/internal/x/cc-fu/ui from cce:/internal/x/cc as external dependency cce:/internal/x/cc-fu/ui.
debug: Resolve cce:/internal/x/cc-fu/particle from cce:/internal/x/cc as external dependency cce:/internal/x/cc-fu/particle.
debug: Resolve cce:/internal/x/cc-fu/particle-2d from cce:/internal/x/cc as external dependency cce:/internal/x/cc-fu/particle-2d.
debug: Resolve cce:/internal/x/cc-fu/physics-framework from cce:/internal/x/cc as external dependency cce:/internal/x/cc-fu/physics-framework.
debug: Resolve cce:/internal/x/cc-fu/physics-2d-framework from cce:/internal/x/cc as external dependency cce:/internal/x/cc-fu/physics-2d-framework.
debug: Resolve cce:/internal/x/cc-fu/intersection-2d from cce:/internal/x/cc as external dependency cce:/internal/x/cc-fu/intersection-2d.
debug: Resolve cce:/internal/x/cc-fu/primitive from cce:/internal/x/cc as external dependency cce:/internal/x/cc-fu/primitive.
debug: Resolve cce:/internal/x/cc-fu/profiler from cce:/internal/x/cc as external dependency cce:/internal/x/cc-fu/profiler.
debug: Resolve cce:/internal/x/cc-fu/audio from cce:/internal/x/cc as external dependency cce:/internal/x/cc-fu/audio.
debug: Resolve cce:/internal/x/cc-fu/video from cce:/internal/x/cc as external dependency cce:/internal/x/cc-fu/video.
debug: Resolve cce:/internal/x/cc-fu/terrain from cce:/internal/x/cc as external dependency cce:/internal/x/cc-fu/terrain.
debug: Resolve cce:/internal/x/cc-fu/webview from cce:/internal/x/cc as external dependency cce:/internal/x/cc-fu/webview.
debug: Resolve cce:/internal/x/cc-fu/tween from cce:/internal/x/cc as external dependency cce:/internal/x/cc-fu/tween.
debug: Resolve cce:/internal/x/cc-fu/tiled-map from cce:/internal/x/cc as external dependency cce:/internal/x/cc-fu/tiled-map.
debug: Resolve cce:/internal/x/cc-fu/spine from cce:/internal/x/cc as external dependency cce:/internal/x/cc-fu/spine.
debug: Resolve cce:/internal/x/cc-fu/dragon-bones from cce:/internal/x/cc as external dependency cce:/internal/x/cc-fu/dragon-bones.
debug: Detected change: cce:/internal/x/prerequisite-imports. Last mtime: Thu Jan 01 1970 17:09:21 GMT+0800 (Indochina Time), Current mtime: Thu Jan 01 1970 08:00:08 GMT+0800 (Indochina Time)
debug: Inspect cce:/internal/x/prerequisite-imports
debug: Resolve file:///D:/Project_CMS/NewProject/assets/Script/Game1-4.ts from cce:/internal/x/prerequisite-imports as file:///D:/Project_CMS/NewProject/assets/Script/Game1-4.ts.
debug: Target(editor) ends with cost 109.74399998784065ms.
debug: Target(preview) build started.
debug: Detected change: cce:/internal/x/cc. Last mtime: Thu Jan 01 1970 08:02:24 GMT+0800 (Indochina Time), Current mtime: Thu Jan 01 1970 08:00:08 GMT+0800 (Indochina Time)
debug: Inspect cce:/internal/x/cc
debug: Resolve cce:/internal/x/cc-fu/2d from cce:/internal/x/cc as external dependency cce:/internal/x/cc-fu/2d.
debug: Resolve cce:/internal/x/cc-fu/animation from cce:/internal/x/cc as external dependency cce:/internal/x/cc-fu/animation.
debug: Resolve cce:/internal/x/cc-fu/audio from cce:/internal/x/cc as external dependency cce:/internal/x/cc-fu/audio.
debug: Resolve cce:/internal/x/cc-fu/base from cce:/internal/x/cc as external dependency cce:/internal/x/cc-fu/base.
debug: Resolve cce:/internal/x/cc-fu/dragon-bones from cce:/internal/x/cc as external dependency cce:/internal/x/cc-fu/dragon-bones.
debug: Resolve cce:/internal/x/cc-fu/gfx-webgl from cce:/internal/x/cc as external dependency cce:/internal/x/cc-fu/gfx-webgl.
debug: Resolve cce:/internal/x/cc-fu/gfx-webgl2 from cce:/internal/x/cc as external dependency cce:/internal/x/cc-fu/gfx-webgl2.
debug: Resolve cce:/internal/x/cc-fu/intersection-2d from cce:/internal/x/cc as external dependency cce:/internal/x/cc-fu/intersection-2d.
debug: Resolve cce:/internal/x/cc-fu/particle from cce:/internal/x/cc as external dependency cce:/internal/x/cc-fu/particle.
debug: Resolve cce:/internal/x/cc-fu/particle-2d from cce:/internal/x/cc as external dependency cce:/internal/x/cc-fu/particle-2d.
debug: Resolve cce:/internal/x/cc-fu/physics-2d-box2d from cce:/internal/x/cc as external dependency cce:/internal/x/cc-fu/physics-2d-box2d.
debug: Resolve cce:/internal/x/cc-fu/physics-2d-framework from cce:/internal/x/cc as external dependency cce:/internal/x/cc-fu/physics-2d-framework.
debug: Resolve cce:/internal/x/cc-fu/physics-ammo from cce:/internal/x/cc as external dependency cce:/internal/x/cc-fu/physics-ammo.
debug: Resolve cce:/internal/x/cc-fu/physics-framework from cce:/internal/x/cc as external dependency cce:/internal/x/cc-fu/physics-framework.
debug: Resolve cce:/internal/x/cc-fu/wait-for-ammo-instantiation from cce:/internal/x/cc as external dependency cce:/internal/x/cc-fu/wait-for-ammo-instantiation.
debug: Resolve cce:/internal/x/cc-fu/primitive from cce:/internal/x/cc as external dependency cce:/internal/x/cc-fu/primitive.
debug: Resolve cce:/internal/x/cc-fu/profiler from cce:/internal/x/cc as external dependency cce:/internal/x/cc-fu/profiler.
debug: Resolve cce:/internal/x/cc-fu/skeletal-animation from cce:/internal/x/cc as external dependency cce:/internal/x/cc-fu/skeletal-animation.
debug: Resolve cce:/internal/x/cc-fu/spine from cce:/internal/x/cc as external dependency cce:/internal/x/cc-fu/spine.
debug: Resolve cce:/internal/x/cc-fu/terrain from cce:/internal/x/cc as external dependency cce:/internal/x/cc-fu/terrain.
debug: Resolve cce:/internal/x/cc-fu/tiled-map from cce:/internal/x/cc as external dependency cce:/internal/x/cc-fu/tiled-map.
debug: Resolve cce:/internal/x/cc-fu/tween from cce:/internal/x/cc as external dependency cce:/internal/x/cc-fu/tween.
debug: Resolve cce:/internal/x/cc-fu/ui from cce:/internal/x/cc as external dependency cce:/internal/x/cc-fu/ui.
debug: Resolve cce:/internal/x/cc-fu/video from cce:/internal/x/cc as external dependency cce:/internal/x/cc-fu/video.
debug: Resolve cce:/internal/x/cc-fu/webview from cce:/internal/x/cc as external dependency cce:/internal/x/cc-fu/webview.
debug: Detected change: cce:/internal/x/prerequisite-imports. Last mtime: Thu Jan 01 1970 17:09:21 GMT+0800 (Indochina Time), Current mtime: Thu Jan 01 1970 08:00:08 GMT+0800 (Indochina Time)
debug: Inspect cce:/internal/x/prerequisite-imports
debug: Resolve file:///D:/Project_CMS/NewProject/assets/Script/Game1-4.ts from cce:/internal/x/prerequisite-imports as file:///D:/Project_CMS/NewProject/assets/Script/Game1-4.ts.
debug: Target(preview) ends with cost 39.23460000753403ms.
debug: Dispatch build request for time accumulated 1 asset changes.
debug: Build iteration starts.
Number of accumulated asset changes: 1
Feature changed: false
debug: Target(editor) build started.
debug: Detected change: cce:/internal/x/prerequisite-imports. Last mtime: Thu Jan 01 1970 08:00:08 GMT+0800 (Indochina Time), Current mtime: Thu Jan 01 1970 08:56:23 GMT+0800 (Indochina Time)
debug: Inspect cce:/internal/x/prerequisite-imports
debug: Resolve file:///D:/Project_CMS/NewProject/assets/Script/Game1-4.ts from cce:/internal/x/prerequisite-imports as file:///D:/Project_CMS/NewProject/assets/Script/Game1-4.ts.
debug: Detected change: file:///D:/Project_CMS/NewProject/assets/Script/Game1-4.ts. Last mtime: Thu Jun 23 2022 18:06:08 GMT+0700 (Indochina Time)@7459314d-4162-43c3-9335-55d833dfbcf0, Current mtime: Fri Jun 24 2022 08:24:03 GMT+0700 (Indochina Time)@7459314d-4162-43c3-9335-55d833dfbcf0
debug: Inspect file:///D:/Project_CMS/NewProject/assets/Script/Game1-4.ts
debug: Resolve cc from file:///D:/Project_CMS/NewProject/assets/Script/Game1-4.ts as cce:/internal/x/cc.
debug: Resolve cc from file:///D:/Project_CMS/NewProject/assets/Script/Game1-4.ts as cce:/internal/x/cc.
debug: Target(editor) ends with cost 123.342099994421ms.
debug: Target(preview) build started.
debug: Detected change: cce:/internal/x/prerequisite-imports. Last mtime: Thu Jan 01 1970 08:00:08 GMT+0800 (Indochina Time), Current mtime: Thu Jan 01 1970 08:56:24 GMT+0800 (Indochina Time)
debug: Inspect cce:/internal/x/prerequisite-imports
debug: Resolve file:///D:/Project_CMS/NewProject/assets/Script/Game1-4.ts from cce:/internal/x/prerequisite-imports as file:///D:/Project_CMS/NewProject/assets/Script/Game1-4.ts.
debug: Detected change: file:///D:/Project_CMS/NewProject/assets/Script/Game1-4.ts. Last mtime: Thu Jun 23 2022 18:06:08 GMT+0700 (Indochina Time)@7459314d-4162-43c3-9335-55d833dfbcf0, Current mtime: Fri Jun 24 2022 08:24:03 GMT+0700 (Indochina Time)@7459314d-4162-43c3-9335-55d833dfbcf0
debug: Inspect file:///D:/Project_CMS/NewProject/assets/Script/Game1-4.ts
debug: Resolve cc from file:///D:/Project_CMS/NewProject/assets/Script/Game1-4.ts as cce:/internal/x/cc.
debug: Resolve cc from file:///D:/Project_CMS/NewProject/assets/Script/Game1-4.ts as cce:/internal/x/cc.
debug: Target(preview) ends with cost 74.32870000600815ms.
debug: Dispatch build request for time accumulated 1 asset changes.
debug: Build iteration starts.
Number of accumulated asset changes: 1
Feature changed: false
debug: Target(editor) build started.
debug: Detected change: cce:/internal/x/prerequisite-imports. Last mtime: Thu Jan 01 1970 08:56:23 GMT+0800 (Indochina Time), Current mtime: Thu Jan 01 1970 09:02:09 GMT+0800 (Indochina Time)
debug: Inspect cce:/internal/x/prerequisite-imports
debug: Resolve file:///D:/Project_CMS/NewProject/assets/Script/Game1-4.ts from cce:/internal/x/prerequisite-imports as file:///D:/Project_CMS/NewProject/assets/Script/Game1-4.ts.
debug: Detected change: file:///D:/Project_CMS/NewProject/assets/Script/Game1-4.ts. Last mtime: Fri Jun 24 2022 08:24:03 GMT+0700 (Indochina Time)@7459314d-4162-43c3-9335-55d833dfbcf0, Current mtime: Fri Jun 24 2022 09:01:56 GMT+0700 (Indochina Time)@7459314d-4162-43c3-9335-55d833dfbcf0
debug: Inspect file:///D:/Project_CMS/NewProject/assets/Script/Game1-4.ts
debug: Resolve cc from file:///D:/Project_CMS/NewProject/assets/Script/Game1-4.ts as cce:/internal/x/cc.
debug: Resolve cc from file:///D:/Project_CMS/NewProject/assets/Script/Game1-4.ts as cce:/internal/x/cc.
debug: Target(editor) ends with cost 51.80120000243187ms.
debug: Target(preview) build started.
debug: Detected change: cce:/internal/x/prerequisite-imports. Last mtime: Thu Jan 01 1970 08:56:24 GMT+0800 (Indochina Time), Current mtime: Thu Jan 01 1970 09:02:09 GMT+0800 (Indochina Time)
debug: Inspect cce:/internal/x/prerequisite-imports
debug: Resolve file:///D:/Project_CMS/NewProject/assets/Script/Game1-4.ts from cce:/internal/x/prerequisite-imports as file:///D:/Project_CMS/NewProject/assets/Script/Game1-4.ts.
debug: Detected change: file:///D:/Project_CMS/NewProject/assets/Script/Game1-4.ts. Last mtime: Fri Jun 24 2022 08:24:03 GMT+0700 (Indochina Time)@7459314d-4162-43c3-9335-55d833dfbcf0, Current mtime: Fri Jun 24 2022 09:01:56 GMT+0700 (Indochina Time)@7459314d-4162-43c3-9335-55d833dfbcf0
debug: Inspect file:///D:/Project_CMS/NewProject/assets/Script/Game1-4.ts
debug: Resolve cc from file:///D:/Project_CMS/NewProject/assets/Script/Game1-4.ts as cce:/internal/x/cc.
debug: Resolve cc from file:///D:/Project_CMS/NewProject/assets/Script/Game1-4.ts as cce:/internal/x/cc.
debug: Target(preview) ends with cost 77.02680000662804ms.
debug: Dispatch build request for time accumulated 1 asset changes.
debug: Build iteration starts.
Number of accumulated asset changes: 1
Feature changed: false
debug: Target(editor) build started.
debug: Detected change: cce:/internal/x/prerequisite-imports. Last mtime: Thu Jan 01 1970 09:02:09 GMT+0800 (Indochina Time), Current mtime: Thu Jan 01 1970 09:04:33 GMT+0800 (Indochina Time)
debug: Inspect cce:/internal/x/prerequisite-imports
debug: Resolve file:///D:/Project_CMS/NewProject/assets/Script/Game1-4.ts from cce:/internal/x/prerequisite-imports as file:///D:/Project_CMS/NewProject/assets/Script/Game1-4.ts.
debug: Detected change: file:///D:/Project_CMS/NewProject/assets/Script/Game1-4.ts. Last mtime: Fri Jun 24 2022 09:01:56 GMT+0700 (Indochina Time)@7459314d-4162-43c3-9335-55d833dfbcf0, Current mtime: Fri Jun 24 2022 09:04:19 GMT+0700 (Indochina Time)@7459314d-4162-43c3-9335-55d833dfbcf0
debug: Inspect file:///D:/Project_CMS/NewProject/assets/Script/Game1-4.ts
debug: Resolve cc from file:///D:/Project_CMS/NewProject/assets/Script/Game1-4.ts as cce:/internal/x/cc.
debug: Resolve cc from file:///D:/Project_CMS/NewProject/assets/Script/Game1-4.ts as cce:/internal/x/cc.
debug: Target(editor) ends with cost 47.030600011348724ms.
debug: Target(preview) build started.
debug: Detected change: cce:/internal/x/prerequisite-imports. Last mtime: Thu Jan 01 1970 09:02:09 GMT+0800 (Indochina Time), Current mtime: Thu Jan 01 1970 09:04:33 GMT+0800 (Indochina Time)
debug: Inspect cce:/internal/x/prerequisite-imports
debug: Resolve file:///D:/Project_CMS/NewProject/assets/Script/Game1-4.ts from cce:/internal/x/prerequisite-imports as file:///D:/Project_CMS/NewProject/assets/Script/Game1-4.ts.
debug: Detected change: file:///D:/Project_CMS/NewProject/assets/Script/Game1-4.ts. Last mtime: Fri Jun 24 2022 09:01:56 GMT+0700 (Indochina Time)@7459314d-4162-43c3-9335-55d833dfbcf0, Current mtime: Fri Jun 24 2022 09:04:19 GMT+0700 (Indochina Time)@7459314d-4162-43c3-9335-55d833dfbcf0
debug: Inspect file:///D:/Project_CMS/NewProject/assets/Script/Game1-4.ts
debug: Resolve cc from file:///D:/Project_CMS/NewProject/assets/Script/Game1-4.ts as cce:/internal/x/cc.
debug: Resolve cc from file:///D:/Project_CMS/NewProject/assets/Script/Game1-4.ts as cce:/internal/x/cc.
debug: Target(preview) ends with cost 64.09049999713898ms.
debug: Dispatch build request for time accumulated 1 asset changes.
debug: Build iteration starts.
Number of accumulated asset changes: 1
Feature changed: false
debug: Target(editor) build started.
debug: Detected change: cce:/internal/x/prerequisite-imports. Last mtime: Thu Jan 01 1970 09:04:33 GMT+0800 (Indochina Time), Current mtime: Thu Jan 01 1970 09:08:44 GMT+0800 (Indochina Time)
debug: Inspect cce:/internal/x/prerequisite-imports
debug: Resolve file:///D:/Project_CMS/NewProject/assets/Script/Game1-4.ts from cce:/internal/x/prerequisite-imports as file:///D:/Project_CMS/NewProject/assets/Script/Game1-4.ts.
debug: Detected change: file:///D:/Project_CMS/NewProject/assets/Script/Game1-4.ts. Last mtime: Fri Jun 24 2022 09:04:19 GMT+0700 (Indochina Time)@7459314d-4162-43c3-9335-55d833dfbcf0, Current mtime: Fri Jun 24 2022 09:08:25 GMT+0700 (Indochina Time)@7459314d-4162-43c3-9335-55d833dfbcf0
debug: Inspect file:///D:/Project_CMS/NewProject/assets/Script/Game1-4.ts
debug: Resolve cc from file:///D:/Project_CMS/NewProject/assets/Script/Game1-4.ts as cce:/internal/x/cc.
debug: Resolve cc from file:///D:/Project_CMS/NewProject/assets/Script/Game1-4.ts as cce:/internal/x/cc.
debug: Target(editor) ends with cost 37.27070000767708ms.
debug: Target(preview) build started.
debug: Detected change: cce:/internal/x/prerequisite-imports. Last mtime: Thu Jan 01 1970 09:04:33 GMT+0800 (Indochina Time), Current mtime: Thu Jan 01 1970 09:08:44 GMT+0800 (Indochina Time)
debug: Inspect cce:/internal/x/prerequisite-imports
debug: Resolve file:///D:/Project_CMS/NewProject/assets/Script/Game1-4.ts from cce:/internal/x/prerequisite-imports as file:///D:/Project_CMS/NewProject/assets/Script/Game1-4.ts.
debug: Detected change: file:///D:/Project_CMS/NewProject/assets/Script/Game1-4.ts. Last mtime: Fri Jun 24 2022 09:04:19 GMT+0700 (Indochina Time)@7459314d-4162-43c3-9335-55d833dfbcf0, Current mtime: Fri Jun 24 2022 09:08:25 GMT+0700 (Indochina Time)@7459314d-4162-43c3-9335-55d833dfbcf0
debug: Inspect file:///D:/Project_CMS/NewProject/assets/Script/Game1-4.ts
debug: Resolve cc from file:///D:/Project_CMS/NewProject/assets/Script/Game1-4.ts as cce:/internal/x/cc.
debug: Resolve cc from file:///D:/Project_CMS/NewProject/assets/Script/Game1-4.ts as cce:/internal/x/cc.
debug: Target(preview) ends with cost 58.47850000858307ms.
debug: Dispatch build request for time accumulated 1 asset changes.
debug: Build iteration starts.
Number of accumulated asset changes: 1
Feature changed: false
debug: Target(editor) build started.
debug: Detected change: cce:/internal/x/prerequisite-imports. Last mtime: Thu Jan 01 1970 09:08:44 GMT+0800 (Indochina Time), Current mtime: Thu Jan 01 1970 09:09:29 GMT+0800 (Indochina Time)
debug: Inspect cce:/internal/x/prerequisite-imports
debug: Resolve file:///D:/Project_CMS/NewProject/assets/Script/Game1-4.ts from cce:/internal/x/prerequisite-imports as file:///D:/Project_CMS/NewProject/assets/Script/Game1-4.ts.
debug: Detected change: file:///D:/Project_CMS/NewProject/assets/Script/Game1-4.ts. Last mtime: Fri Jun 24 2022 09:08:25 GMT+0700 (Indochina Time)@7459314d-4162-43c3-9335-55d833dfbcf0, Current mtime: Fri Jun 24 2022 09:09:16 GMT+0700 (Indochina Time)@7459314d-4162-43c3-9335-55d833dfbcf0
debug: Inspect file:///D:/Project_CMS/NewProject/assets/Script/Game1-4.ts
debug: Resolve cc from file:///D:/Project_CMS/NewProject/assets/Script/Game1-4.ts as cce:/internal/x/cc.
debug: Resolve cc from file:///D:/Project_CMS/NewProject/assets/Script/Game1-4.ts as cce:/internal/x/cc.
debug: Target(editor) ends with cost 52.0726999938488ms.
debug: Target(preview) build started.
debug: Detected change: cce:/internal/x/prerequisite-imports. Last mtime: Thu Jan 01 1970 09:08:44 GMT+0800 (Indochina Time), Current mtime: Thu Jan 01 1970 09:09:29 GMT+0800 (Indochina Time)
debug: Inspect cce:/internal/x/prerequisite-imports
debug: Resolve file:///D:/Project_CMS/NewProject/assets/Script/Game1-4.ts from cce:/internal/x/prerequisite-imports as file:///D:/Project_CMS/NewProject/assets/Script/Game1-4.ts.
debug: Detected change: file:///D:/Project_CMS/NewProject/assets/Script/Game1-4.ts. Last mtime: Fri Jun 24 2022 09:08:25 GMT+0700 (Indochina Time)@7459314d-4162-43c3-9335-55d833dfbcf0, Current mtime: Fri Jun 24 2022 09:09:16 GMT+0700 (Indochina Time)@7459314d-4162-43c3-9335-55d833dfbcf0
debug: Inspect file:///D:/Project_CMS/NewProject/assets/Script/Game1-4.ts
debug: Resolve cc from file:///D:/Project_CMS/NewProject/assets/Script/Game1-4.ts as cce:/internal/x/cc.
debug: Resolve cc from file:///D:/Project_CMS/NewProject/assets/Script/Game1-4.ts as cce:/internal/x/cc.
debug: Target(preview) ends with cost 80.14370000362396ms.
debug: Dispatch build request for time accumulated 1 asset changes.
debug: Build iteration starts.
Number of accumulated asset changes: 1
Feature changed: false
debug: Target(editor) build started.
debug: Detected change: cce:/internal/x/prerequisite-imports. Last mtime: Thu Jan 01 1970 09:09:29 GMT+0800 (Indochina Time), Current mtime: Thu Jan 01 1970 09:11:47 GMT+0800 (Indochina Time)
debug: Inspect cce:/internal/x/prerequisite-imports
debug: Resolve file:///D:/Project_CMS/NewProject/assets/Script/Game1-4.ts from cce:/internal/x/prerequisite-imports as file:///D:/Project_CMS/NewProject/assets/Script/Game1-4.ts.
debug: Detected change: file:///D:/Project_CMS/NewProject/assets/Script/Game1-4.ts. Last mtime: Fri Jun 24 2022 09:09:16 GMT+0700 (Indochina Time)@7459314d-4162-43c3-9335-55d833dfbcf0, Current mtime: Fri Jun 24 2022 09:11:34 GMT+0700 (Indochina Time)@7459314d-4162-43c3-9335-55d833dfbcf0
debug: Inspect file:///D:/Project_CMS/NewProject/assets/Script/Game1-4.ts
debug: Resolve cc from file:///D:/Project_CMS/NewProject/assets/Script/Game1-4.ts as cce:/internal/x/cc.
debug: Resolve cc from file:///D:/Project_CMS/NewProject/assets/Script/Game1-4.ts as cce:/internal/x/cc.
debug: Target(editor) ends with cost 45.05139997601509ms.
debug: Target(preview) build started.
debug: Detected change: cce:/internal/x/prerequisite-imports. Last mtime: Thu Jan 01 1970 09:09:29 GMT+0800 (Indochina Time), Current mtime: Thu Jan 01 1970 09:11:47 GMT+0800 (Indochina Time)
debug: Inspect cce:/internal/x/prerequisite-imports
debug: Resolve file:///D:/Project_CMS/NewProject/assets/Script/Game1-4.ts from cce:/internal/x/prerequisite-imports as file:///D:/Project_CMS/NewProject/assets/Script/Game1-4.ts.
debug: Detected change: file:///D:/Project_CMS/NewProject/assets/Script/Game1-4.ts. Last mtime: Fri Jun 24 2022 09:09:16 GMT+0700 (Indochina Time)@7459314d-4162-43c3-9335-55d833dfbcf0, Current mtime: Fri Jun 24 2022 09:11:34 GMT+0700 (Indochina Time)@7459314d-4162-43c3-9335-55d833dfbcf0
debug: Inspect file:///D:/Project_CMS/NewProject/assets/Script/Game1-4.ts
debug: Resolve cc from file:///D:/Project_CMS/NewProject/assets/Script/Game1-4.ts as cce:/internal/x/cc.
debug: Resolve cc from file:///D:/Project_CMS/NewProject/assets/Script/Game1-4.ts as cce:/internal/x/cc.
debug: Target(preview) ends with cost 43.56310001015663ms.
debug: Dispatch build request for time accumulated 1 asset changes.
debug: Build iteration starts.
Number of accumulated asset changes: 1
Feature changed: false
debug: Target(editor) build started.
debug: Detected change: cce:/internal/x/prerequisite-imports. Last mtime: Thu Jan 01 1970 09:11:47 GMT+0800 (Indochina Time), Current mtime: Thu Jan 01 1970 09:13:30 GMT+0800 (Indochina Time)
debug: Inspect cce:/internal/x/prerequisite-imports
debug: Resolve file:///D:/Project_CMS/NewProject/assets/Script/Game1-4.ts from cce:/internal/x/prerequisite-imports as file:///D:/Project_CMS/NewProject/assets/Script/Game1-4.ts.
debug: Detected change: file:///D:/Project_CMS/NewProject/assets/Script/Game1-4.ts. Last mtime: Fri Jun 24 2022 09:11:34 GMT+0700 (Indochina Time)@7459314d-4162-43c3-9335-55d833dfbcf0, Current mtime: Fri Jun 24 2022 09:13:18 GMT+0700 (Indochina Time)@7459314d-4162-43c3-9335-55d833dfbcf0
debug: Inspect file:///D:/Project_CMS/NewProject/assets/Script/Game1-4.ts
debug: Resolve cc from file:///D:/Project_CMS/NewProject/assets/Script/Game1-4.ts as cce:/internal/x/cc.
debug: Resolve cc from file:///D:/Project_CMS/NewProject/assets/Script/Game1-4.ts as cce:/internal/x/cc.
debug: Target(editor) ends with cost 45.98420000076294ms.
debug: Target(preview) build started.
debug: Detected change: cce:/internal/x/prerequisite-imports. Last mtime: Thu Jan 01 1970 09:11:47 GMT+0800 (Indochina Time), Current mtime: Thu Jan 01 1970 09:13:30 GMT+0800 (Indochina Time)
debug: Inspect cce:/internal/x/prerequisite-imports
debug: Resolve file:///D:/Project_CMS/NewProject/assets/Script/Game1-4.ts from cce:/internal/x/prerequisite-imports as file:///D:/Project_CMS/NewProject/assets/Script/Game1-4.ts.
debug: Detected change: file:///D:/Project_CMS/NewProject/assets/Script/Game1-4.ts. Last mtime: Fri Jun 24 2022 09:11:34 GMT+0700 (Indochina Time)@7459314d-4162-43c3-9335-55d833dfbcf0, Current mtime: Fri Jun 24 2022 09:13:18 GMT+0700 (Indochina Time)@7459314d-4162-43c3-9335-55d833dfbcf0
debug: Inspect file:///D:/Project_CMS/NewProject/assets/Script/Game1-4.ts
debug: Resolve cc from file:///D:/Project_CMS/NewProject/assets/Script/Game1-4.ts as cce:/internal/x/cc.
debug: Resolve cc from file:///D:/Project_CMS/NewProject/assets/Script/Game1-4.ts as cce:/internal/x/cc.
debug: Target(preview) ends with cost 61.82229998707771ms.
debug: Dispatch build request for time accumulated 1 asset changes.
debug: Build iteration starts.
Number of accumulated asset changes: 1
Feature changed: false
debug: Target(editor) build started.
debug: Detected change: cce:/internal/x/prerequisite-imports. Last mtime: Thu Jan 01 1970 09:13:30 GMT+0800 (Indochina Time), Current mtime: Thu Jan 01 1970 10:53:10 GMT+0800 (Indochina Time)
debug: Inspect cce:/internal/x/prerequisite-imports
debug: Resolve file:///D:/Project_CMS/NewProject/assets/Script/Game1-4.ts from cce:/internal/x/prerequisite-imports as file:///D:/Project_CMS/NewProject/assets/Script/Game1-4.ts.
debug: Detected change: file:///D:/Project_CMS/NewProject/assets/Script/Game1-4.ts. Last mtime: Fri Jun 24 2022 09:13:18 GMT+0700 (Indochina Time)@7459314d-4162-43c3-9335-55d833dfbcf0, Current mtime: Fri Jun 24 2022 10:52:58 GMT+0700 (Indochina Time)@7459314d-4162-43c3-9335-55d833dfbcf0
debug: Inspect file:///D:/Project_CMS/NewProject/assets/Script/Game1-4.ts
debug: Resolve cc from file:///D:/Project_CMS/NewProject/assets/Script/Game1-4.ts as cce:/internal/x/cc.
debug: Resolve cc from file:///D:/Project_CMS/NewProject/assets/Script/Game1-4.ts as cce:/internal/x/cc.
debug: Target(editor) ends with cost 43.14590001106262ms.
debug: Target(preview) build started.
debug: Detected change: cce:/internal/x/prerequisite-imports. Last mtime: Thu Jan 01 1970 09:13:30 GMT+0800 (Indochina Time), Current mtime: Thu Jan 01 1970 10:53:10 GMT+0800 (Indochina Time)
debug: Inspect cce:/internal/x/prerequisite-imports
debug: Resolve file:///D:/Project_CMS/NewProject/assets/Script/Game1-4.ts from cce:/internal/x/prerequisite-imports as file:///D:/Project_CMS/NewProject/assets/Script/Game1-4.ts.
debug: Detected change: file:///D:/Project_CMS/NewProject/assets/Script/Game1-4.ts. Last mtime: Fri Jun 24 2022 09:13:18 GMT+0700 (Indochina Time)@7459314d-4162-43c3-9335-55d833dfbcf0, Current mtime: Fri Jun 24 2022 10:52:58 GMT+0700 (Indochina Time)@7459314d-4162-43c3-9335-55d833dfbcf0
debug: Inspect file:///D:/Project_CMS/NewProject/assets/Script/Game1-4.ts
debug: Resolve cc from file:///D:/Project_CMS/NewProject/assets/Script/Game1-4.ts as cce:/internal/x/cc.
debug: Resolve cc from file:///D:/Project_CMS/NewProject/assets/Script/Game1-4.ts as cce:/internal/x/cc.
debug: Target(preview) ends with cost 50.52439999580383ms.
debug: Dispatch build request for time accumulated 1 asset changes.
debug: Build iteration starts.
Number of accumulated asset changes: 1
Feature changed: false
debug: Target(editor) build started.
debug: Detected change: cce:/internal/x/prerequisite-imports. Last mtime: Thu Jan 01 1970 10:53:10 GMT+0800 (Indochina Time), Current mtime: Thu Jan 01 1970 11:00:14 GMT+0800 (Indochina Time)
debug: Inspect cce:/internal/x/prerequisite-imports
debug: Resolve file:///D:/Project_CMS/NewProject/assets/Script/Game1-4.ts from cce:/internal/x/prerequisite-imports as file:///D:/Project_CMS/NewProject/assets/Script/Game1-4.ts.
debug: Detected change: file:///D:/Project_CMS/NewProject/assets/Script/Game1-4.ts. Last mtime: Fri Jun 24 2022 10:52:58 GMT+0700 (Indochina Time)@7459314d-4162-43c3-9335-55d833dfbcf0, Current mtime: Fri Jun 24 2022 11:00:02 GMT+0700 (Indochina Time)@7459314d-4162-43c3-9335-55d833dfbcf0
debug: Inspect file:///D:/Project_CMS/NewProject/assets/Script/Game1-4.ts
debug: Resolve cc from file:///D:/Project_CMS/NewProject/assets/Script/Game1-4.ts as cce:/internal/x/cc.
debug: Resolve cc from file:///D:/Project_CMS/NewProject/assets/Script/Game1-4.ts as cce:/internal/x/cc.
debug: Target(editor) ends with cost 42.751399993896484ms.
debug: Target(preview) build started.
debug: Detected change: cce:/internal/x/prerequisite-imports. Last mtime: Thu Jan 01 1970 10:53:10 GMT+0800 (Indochina Time), Current mtime: Thu Jan 01 1970 11:00:15 GMT+0800 (Indochina Time)
debug: Inspect cce:/internal/x/prerequisite-imports
debug: Resolve file:///D:/Project_CMS/NewProject/assets/Script/Game1-4.ts from cce:/internal/x/prerequisite-imports as file:///D:/Project_CMS/NewProject/assets/Script/Game1-4.ts.
debug: Detected change: file:///D:/Project_CMS/NewProject/assets/Script/Game1-4.ts. Last mtime: Fri Jun 24 2022 10:52:58 GMT+0700 (Indochina Time)@7459314d-4162-43c3-9335-55d833dfbcf0, Current mtime: Fri Jun 24 2022 11:00:02 GMT+0700 (Indochina Time)@7459314d-4162-43c3-9335-55d833dfbcf0
debug: Inspect file:///D:/Project_CMS/NewProject/assets/Script/Game1-4.ts
debug: Resolve cc from file:///D:/Project_CMS/NewProject/assets/Script/Game1-4.ts as cce:/internal/x/cc.
debug: Resolve cc from file:///D:/Project_CMS/NewProject/assets/Script/Game1-4.ts as cce:/internal/x/cc.
debug: Target(preview) ends with cost 58.57670000195503ms.
debug: Dispatch build request for time accumulated 1 asset changes.
debug: Build iteration starts.
Number of accumulated asset changes: 1
Feature changed: false
debug: Target(editor) build started.
debug: Detected change: cce:/internal/x/prerequisite-imports. Last mtime: Thu Jan 01 1970 11:00:14 GMT+0800 (Indochina Time), Current mtime: Thu Jan 01 1970 11:01:50 GMT+0800 (Indochina Time)
debug: Inspect cce:/internal/x/prerequisite-imports
debug: Resolve file:///D:/Project_CMS/NewProject/assets/Script/Game1-4.ts from cce:/internal/x/prerequisite-imports as file:///D:/Project_CMS/NewProject/assets/Script/Game1-4.ts.
debug: Detected change: file:///D:/Project_CMS/NewProject/assets/Script/Game1-4.ts. Last mtime: Fri Jun 24 2022 11:00:02 GMT+0700 (Indochina Time)@7459314d-4162-43c3-9335-55d833dfbcf0, Current mtime: Fri Jun 24 2022 11:01:35 GMT+0700 (Indochina Time)@7459314d-4162-43c3-9335-55d833dfbcf0
debug: Inspect file:///D:/Project_CMS/NewProject/assets/Script/Game1-4.ts
debug: Resolve cc from file:///D:/Project_CMS/NewProject/assets/Script/Game1-4.ts as cce:/internal/x/cc.
debug: Resolve cc from file:///D:/Project_CMS/NewProject/assets/Script/Game1-4.ts as cce:/internal/x/cc.
debug: Target(editor) ends with cost 54.770699977874756ms.
debug: Target(preview) build started.
debug: Detected change: cce:/internal/x/prerequisite-imports. Last mtime: Thu Jan 01 1970 11:00:15 GMT+0800 (Indochina Time), Current mtime: Thu Jan 01 1970 11:01:50 GMT+0800 (Indochina Time)
debug: Inspect cce:/internal/x/prerequisite-imports
debug: Resolve file:///D:/Project_CMS/NewProject/assets/Script/Game1-4.ts from cce:/internal/x/prerequisite-imports as file:///D:/Project_CMS/NewProject/assets/Script/Game1-4.ts.
debug: Detected change: file:///D:/Project_CMS/NewProject/assets/Script/Game1-4.ts. Last mtime: Fri Jun 24 2022 11:00:02 GMT+0700 (Indochina Time)@7459314d-4162-43c3-9335-55d833dfbcf0, Current mtime: Fri Jun 24 2022 11:01:35 GMT+0700 (Indochina Time)@7459314d-4162-43c3-9335-55d833dfbcf0
debug: Inspect file:///D:/Project_CMS/NewProject/assets/Script/Game1-4.ts
debug: Resolve cc from file:///D:/Project_CMS/NewProject/assets/Script/Game1-4.ts as cce:/internal/x/cc.
debug: Resolve cc from file:///D:/Project_CMS/NewProject/assets/Script/Game1-4.ts as cce:/internal/x/cc.
debug: Target(preview) ends with cost 50.51469999551773ms.
debug: Dispatch build request for time accumulated 1 asset changes.
debug: Build iteration starts.
Number of accumulated asset changes: 1
Feature changed: false
debug: Target(editor) build started.
debug: Detected change: cce:/internal/x/prerequisite-imports. Last mtime: Thu Jan 01 1970 11:01:50 GMT+0800 (Indochina Time), Current mtime: Thu Jan 01 1970 13:54:34 GMT+0800 (Indochina Time)
debug: Inspect cce:/internal/x/prerequisite-imports
debug: Resolve file:///D:/Project_CMS/NewProject/assets/Script/Game1-4.ts from cce:/internal/x/prerequisite-imports as file:///D:/Project_CMS/NewProject/assets/Script/Game1-4.ts.
debug: Detected change: file:///D:/Project_CMS/NewProject/assets/Script/Game1-4.ts. Last mtime: Fri Jun 24 2022 11:01:35 GMT+0700 (Indochina Time)@7459314d-4162-43c3-9335-55d833dfbcf0, Current mtime: Fri Jun 24 2022 11:19:03 GMT+0700 (Indochina Time)@7459314d-4162-43c3-9335-55d833dfbcf0
debug: Inspect file:///D:/Project_CMS/NewProject/assets/Script/Game1-4.ts
debug: Resolve cc from file:///D:/Project_CMS/NewProject/assets/Script/Game1-4.ts as cce:/internal/x/cc.
debug: Resolve cc from file:///D:/Project_CMS/NewProject/assets/Script/Game1-4.ts as cce:/internal/x/cc.
debug: Target(editor) ends with cost 84.31239998340607ms.
debug: Target(preview) build started.
debug: Detected change: cce:/internal/x/prerequisite-imports. Last mtime: Thu Jan 01 1970 11:01:50 GMT+0800 (Indochina Time), Current mtime: Thu Jan 01 1970 13:54:34 GMT+0800 (Indochina Time)
debug: Inspect cce:/internal/x/prerequisite-imports
debug: Resolve file:///D:/Project_CMS/NewProject/assets/Script/Game1-4.ts from cce:/internal/x/prerequisite-imports as file:///D:/Project_CMS/NewProject/assets/Script/Game1-4.ts.
debug: Detected change: file:///D:/Project_CMS/NewProject/assets/Script/Game1-4.ts. Last mtime: Fri Jun 24 2022 11:01:35 GMT+0700 (Indochina Time)@7459314d-4162-43c3-9335-55d833dfbcf0, Current mtime: Fri Jun 24 2022 11:19:03 GMT+0700 (Indochina Time)@7459314d-4162-43c3-9335-55d833dfbcf0
debug: Inspect file:///D:/Project_CMS/NewProject/assets/Script/Game1-4.ts
debug: Resolve cc from file:///D:/Project_CMS/NewProject/assets/Script/Game1-4.ts as cce:/internal/x/cc.
debug: Resolve cc from file:///D:/Project_CMS/NewProject/assets/Script/Game1-4.ts as cce:/internal/x/cc.
debug: Target(preview) ends with cost 58.56890004873276ms.
debug: Dispatch build request for time accumulated 1 asset changes.
debug: Build iteration starts.
Number of accumulated asset changes: 1
Feature changed: false
debug: Target(editor) build started.
debug: Detected change: cce:/internal/x/prerequisite-imports. Last mtime: Thu Jan 01 1970 13:54:34 GMT+0800 (Indochina Time), Current mtime: Thu Jan 01 1970 13:55:52 GMT+0800 (Indochina Time)
debug: Inspect cce:/internal/x/prerequisite-imports
debug: Resolve file:///D:/Project_CMS/NewProject/assets/Script/Game1-4.ts from cce:/internal/x/prerequisite-imports as file:///D:/Project_CMS/NewProject/assets/Script/Game1-4.ts.
debug: Detected change: file:///D:/Project_CMS/NewProject/assets/Script/Game1-4.ts. Last mtime: Fri Jun 24 2022 11:19:03 GMT+0700 (Indochina Time)@7459314d-4162-43c3-9335-55d833dfbcf0, Current mtime: Fri Jun 24 2022 13:55:39 GMT+0700 (Indochina Time)@7459314d-4162-43c3-9335-55d833dfbcf0
debug: Inspect file:///D:/Project_CMS/NewProject/assets/Script/Game1-4.ts
debug: Resolve cc from file:///D:/Project_CMS/NewProject/assets/Script/Game1-4.ts as cce:/internal/x/cc.
debug: Resolve cc from file:///D:/Project_CMS/NewProject/assets/Script/Game1-4.ts as cce:/internal/x/cc.
debug: Target(editor) ends with cost 41.0974999666214ms.
debug: Target(preview) build started.
debug: Detected change: cce:/internal/x/prerequisite-imports. Last mtime: Thu Jan 01 1970 13:54:34 GMT+0800 (Indochina Time), Current mtime: Thu Jan 01 1970 13:55:52 GMT+0800 (Indochina Time)
debug: Inspect cce:/internal/x/prerequisite-imports
debug: Resolve file:///D:/Project_CMS/NewProject/assets/Script/Game1-4.ts from cce:/internal/x/prerequisite-imports as file:///D:/Project_CMS/NewProject/assets/Script/Game1-4.ts.
debug: Detected change: file:///D:/Project_CMS/NewProject/assets/Script/Game1-4.ts. Last mtime: Fri Jun 24 2022 11:19:03 GMT+0700 (Indochina Time)@7459314d-4162-43c3-9335-55d833dfbcf0, Current mtime: Fri Jun 24 2022 13:55:39 GMT+0700 (Indochina Time)@7459314d-4162-43c3-9335-55d833dfbcf0
debug: Inspect file:///D:/Project_CMS/NewProject/assets/Script/Game1-4.ts
debug: Resolve cc from file:///D:/Project_CMS/NewProject/assets/Script/Game1-4.ts as cce:/internal/x/cc.
debug: Resolve cc from file:///D:/Project_CMS/NewProject/assets/Script/Game1-4.ts as cce:/internal/x/cc.
debug: Target(preview) ends with cost 59.62680000066757ms.
debug: Dispatch build request for time accumulated 1 asset changes.
debug: Build iteration starts.
Number of accumulated asset changes: 1
Feature changed: false
debug: Target(editor) build started.
debug: Detected change: cce:/internal/x/prerequisite-imports. Last mtime: Thu Jan 01 1970 13:55:52 GMT+0800 (Indochina Time), Current mtime: Thu Jan 01 1970 13:56:46 GMT+0800 (Indochina Time)
debug: Inspect cce:/internal/x/prerequisite-imports
debug: Resolve file:///D:/Project_CMS/NewProject/assets/Script/Game1-4.ts from cce:/internal/x/prerequisite-imports as file:///D:/Project_CMS/NewProject/assets/Script/Game1-4.ts.
debug: Detected change: file:///D:/Project_CMS/NewProject/assets/Script/Game1-4.ts. Last mtime: Fri Jun 24 2022 13:55:39 GMT+0700 (Indochina Time)@7459314d-4162-43c3-9335-55d833dfbcf0, Current mtime: Fri Jun 24 2022 13:56:33 GMT+0700 (Indochina Time)@7459314d-4162-43c3-9335-55d833dfbcf0
debug: Inspect file:///D:/Project_CMS/NewProject/assets/Script/Game1-4.ts
debug: Resolve cc from file:///D:/Project_CMS/NewProject/assets/Script/Game1-4.ts as cce:/internal/x/cc.
debug: Resolve cc from file:///D:/Project_CMS/NewProject/assets/Script/Game1-4.ts as cce:/internal/x/cc.
debug: Target(editor) ends with cost 40.83359998464584ms.
debug: Target(preview) build started.
debug: Detected change: cce:/internal/x/prerequisite-imports. Last mtime: Thu Jan 01 1970 13:55:52 GMT+0800 (Indochina Time), Current mtime: Thu Jan 01 1970 13:56:47 GMT+0800 (Indochina Time)
debug: Inspect cce:/internal/x/prerequisite-imports
debug: Resolve file:///D:/Project_CMS/NewProject/assets/Script/Game1-4.ts from cce:/internal/x/prerequisite-imports as file:///D:/Project_CMS/NewProject/assets/Script/Game1-4.ts.
debug: Detected change: file:///D:/Project_CMS/NewProject/assets/Script/Game1-4.ts. Last mtime: Fri Jun 24 2022 13:55:39 GMT+0700 (Indochina Time)@7459314d-4162-43c3-9335-55d833dfbcf0, Current mtime: Fri Jun 24 2022 13:56:33 GMT+0700 (Indochina Time)@7459314d-4162-43c3-9335-55d833dfbcf0
debug: Inspect file:///D:/Project_CMS/NewProject/assets/Script/Game1-4.ts
debug: Resolve cc from file:///D:/Project_CMS/NewProject/assets/Script/Game1-4.ts as cce:/internal/x/cc.
debug: Resolve cc from file:///D:/Project_CMS/NewProject/assets/Script/Game1-4.ts as cce:/internal/x/cc.
debug: Target(preview) ends with cost 50.00820004940033ms.
debug: Dispatch build request for time accumulated 1 asset changes.
debug: Build iteration starts.
Number of accumulated asset changes: 1
Feature changed: false
debug: Target(editor) build started.
debug: Detected change: cce:/internal/x/prerequisite-imports. Last mtime: Thu Jan 01 1970 13:56:46 GMT+0800 (Indochina Time), Current mtime: Thu Jan 01 1970 13:57:19 GMT+0800 (Indochina Time)
debug: Inspect cce:/internal/x/prerequisite-imports
debug: Resolve file:///D:/Project_CMS/NewProject/assets/Script/Game1-4.ts from cce:/internal/x/prerequisite-imports as file:///D:/Project_CMS/NewProject/assets/Script/Game1-4.ts.
debug: Detected change: file:///D:/Project_CMS/NewProject/assets/Script/Game1-4.ts. Last mtime: Fri Jun 24 2022 13:56:33 GMT+0700 (Indochina Time)@7459314d-4162-43c3-9335-55d833dfbcf0, Current mtime: Fri Jun 24 2022 13:57:06 GMT+0700 (Indochina Time)@7459314d-4162-43c3-9335-55d833dfbcf0
debug: Inspect file:///D:/Project_CMS/NewProject/assets/Script/Game1-4.ts
debug: Resolve cc from file:///D:/Project_CMS/NewProject/assets/Script/Game1-4.ts as cce:/internal/x/cc.
debug: Resolve cc from file:///D:/Project_CMS/NewProject/assets/Script/Game1-4.ts as cce:/internal/x/cc.
debug: Target(editor) ends with cost 44.47609996795654ms.
debug: Target(preview) build started.
debug: Detected change: cce:/internal/x/prerequisite-imports. Last mtime: Thu Jan 01 1970 13:56:47 GMT+0800 (Indochina Time), Current mtime: Thu Jan 01 1970 13:57:19 GMT+0800 (Indochina Time)
debug: Inspect cce:/internal/x/prerequisite-imports
debug: Resolve file:///D:/Project_CMS/NewProject/assets/Script/Game1-4.ts from cce:/internal/x/prerequisite-imports as file:///D:/Project_CMS/NewProject/assets/Script/Game1-4.ts.
debug: Detected change: file:///D:/Project_CMS/NewProject/assets/Script/Game1-4.ts. Last mtime: Fri Jun 24 2022 13:56:33 GMT+0700 (Indochina Time)@7459314d-4162-43c3-9335-55d833dfbcf0, Current mtime: Fri Jun 24 2022 13:57:06 GMT+0700 (Indochina Time)@7459314d-4162-43c3-9335-55d833dfbcf0
debug: Inspect file:///D:/Project_CMS/NewProject/assets/Script/Game1-4.ts
debug: Resolve cc from file:///D:/Project_CMS/NewProject/assets/Script/Game1-4.ts as cce:/internal/x/cc.
debug: Resolve cc from file:///D:/Project_CMS/NewProject/assets/Script/Game1-4.ts as cce:/internal/x/cc.
debug: Target(preview) ends with cost 56.63230001926422ms.
debug: Dispatch build request for time accumulated 1 asset changes.
debug: Build iteration starts.
Number of accumulated asset changes: 1
Feature changed: false
debug: Target(editor) build started.
debug: Detected change: cce:/internal/x/prerequisite-imports. Last mtime: Thu Jan 01 1970 13:57:19 GMT+0800 (Indochina Time), Current mtime: Thu Jan 01 1970 13:58:27 GMT+0800 (Indochina Time)
debug: Inspect cce:/internal/x/prerequisite-imports
debug: Resolve file:///D:/Project_CMS/NewProject/assets/Script/Game1-4.ts from cce:/internal/x/prerequisite-imports as file:///D:/Project_CMS/NewProject/assets/Script/Game1-4.ts.
debug: Detected change: file:///D:/Project_CMS/NewProject/assets/Script/Game1-4.ts. Last mtime: Fri Jun 24 2022 13:57:06 GMT+0700 (Indochina Time)@7459314d-4162-43c3-9335-55d833dfbcf0, Current mtime: Fri Jun 24 2022 13:58:15 GMT+0700 (Indochina Time)@7459314d-4162-43c3-9335-55d833dfbcf0
debug: Inspect file:///D:/Project_CMS/NewProject/assets/Script/Game1-4.ts
debug: Resolve cc from file:///D:/Project_CMS/NewProject/assets/Script/Game1-4.ts as cce:/internal/x/cc.
debug: Resolve cc from file:///D:/Project_CMS/NewProject/assets/Script/Game1-4.ts as cce:/internal/x/cc.
debug: Target(editor) ends with cost 68.38910001516342ms.
debug: Target(preview) build started.
debug: Detected change: cce:/internal/x/prerequisite-imports. Last mtime: Thu Jan 01 1970 13:57:19 GMT+0800 (Indochina Time), Current mtime: Thu Jan 01 1970 13:58:27 GMT+0800 (Indochina Time)
debug: Inspect cce:/internal/x/prerequisite-imports
debug: Resolve file:///D:/Project_CMS/NewProject/assets/Script/Game1-4.ts from cce:/internal/x/prerequisite-imports as file:///D:/Project_CMS/NewProject/assets/Script/Game1-4.ts.
debug: Detected change: file:///D:/Project_CMS/NewProject/assets/Script/Game1-4.ts. Last mtime: Fri Jun 24 2022 13:57:06 GMT+0700 (Indochina Time)@7459314d-4162-43c3-9335-55d833dfbcf0, Current mtime: Fri Jun 24 2022 13:58:15 GMT+0700 (Indochina Time)@7459314d-4162-43c3-9335-55d833dfbcf0
debug: Inspect file:///D:/Project_CMS/NewProject/assets/Script/Game1-4.ts
debug: Resolve cc from file:///D:/Project_CMS/NewProject/assets/Script/Game1-4.ts as cce:/internal/x/cc.
debug: Resolve cc from file:///D:/Project_CMS/NewProject/assets/Script/Game1-4.ts as cce:/internal/x/cc.
debug: Target(preview) ends with cost 63.01019996404648ms.
debug: Dispatch build request for time accumulated 1 asset changes.
debug: Build iteration starts.
Number of accumulated asset changes: 1
Feature changed: false
debug: Target(editor) build started.
debug: Detected change: cce:/internal/x/prerequisite-imports. Last mtime: Thu Jan 01 1970 13:58:27 GMT+0800 (Indochina Time), Current mtime: Thu Jan 01 1970 13:59:14 GMT+0800 (Indochina Time)
debug: Inspect cce:/internal/x/prerequisite-imports
debug: Resolve file:///D:/Project_CMS/NewProject/assets/Script/Game1-4.ts from cce:/internal/x/prerequisite-imports as file:///D:/Project_CMS/NewProject/assets/Script/Game1-4.ts.
debug: Detected change: file:///D:/Project_CMS/NewProject/assets/Script/Game1-4.ts. Last mtime: Fri Jun 24 2022 13:58:15 GMT+0700 (Indochina Time)@7459314d-4162-43c3-9335-55d833dfbcf0, Current mtime: Fri Jun 24 2022 13:59:00 GMT+0700 (Indochina Time)@7459314d-4162-43c3-9335-55d833dfbcf0
debug: Inspect file:///D:/Project_CMS/NewProject/assets/Script/Game1-4.ts
debug: Resolve cc from file:///D:/Project_CMS/NewProject/assets/Script/Game1-4.ts as cce:/internal/x/cc.
debug: Resolve cc from file:///D:/Project_CMS/NewProject/assets/Script/Game1-4.ts as cce:/internal/x/cc.
debug: Target(editor) ends with cost 42.31230002641678ms.
debug: Target(preview) build started.
debug: Detected change: cce:/internal/x/prerequisite-imports. Last mtime: Thu Jan 01 1970 13:58:27 GMT+0800 (Indochina Time), Current mtime: Thu Jan 01 1970 13:59:14 GMT+0800 (Indochina Time)
debug: Inspect cce:/internal/x/prerequisite-imports
debug: Resolve file:///D:/Project_CMS/NewProject/assets/Script/Game1-4.ts from cce:/internal/x/prerequisite-imports as file:///D:/Project_CMS/NewProject/assets/Script/Game1-4.ts.
debug: Detected change: file:///D:/Project_CMS/NewProject/assets/Script/Game1-4.ts. Last mtime: Fri Jun 24 2022 13:58:15 GMT+0700 (Indochina Time)@7459314d-4162-43c3-9335-55d833dfbcf0, Current mtime: Fri Jun 24 2022 13:59:00 GMT+0700 (Indochina Time)@7459314d-4162-43c3-9335-55d833dfbcf0
debug: Inspect file:///D:/Project_CMS/NewProject/assets/Script/Game1-4.ts
debug: Resolve cc from file:///D:/Project_CMS/NewProject/assets/Script/Game1-4.ts as cce:/internal/x/cc.
debug: Resolve cc from file:///D:/Project_CMS/NewProject/assets/Script/Game1-4.ts as cce:/internal/x/cc.
debug: Target(preview) ends with cost 65.2111000418663ms.
debug: Dispatch build request for time accumulated 1 asset changes.
debug: Build iteration starts.
Number of accumulated asset changes: 1
Feature changed: false
debug: Target(editor) build started.
debug: Detected change: cce:/internal/x/prerequisite-imports. Last mtime: Thu Jan 01 1970 13:59:14 GMT+0800 (Indochina Time), Current mtime: Thu Jan 01 1970 14:01:48 GMT+0800 (Indochina Time)
debug: Inspect cce:/internal/x/prerequisite-imports
debug: Resolve file:///D:/Project_CMS/NewProject/assets/Script/Game1-4.ts from cce:/internal/x/prerequisite-imports as file:///D:/Project_CMS/NewProject/assets/Script/Game1-4.ts.
debug: Detected change: file:///D:/Project_CMS/NewProject/assets/Script/Game1-4.ts. Last mtime: Fri Jun 24 2022 13:59:00 GMT+0700 (Indochina Time)@7459314d-4162-43c3-9335-55d833dfbcf0, Current mtime: Fri Jun 24 2022 14:01:35 GMT+0700 (Indochina Time)@7459314d-4162-43c3-9335-55d833dfbcf0
debug: Inspect file:///D:/Project_CMS/NewProject/assets/Script/Game1-4.ts
debug: Resolve cc from file:///D:/Project_CMS/NewProject/assets/Script/Game1-4.ts as cce:/internal/x/cc.
debug: Resolve cc from file:///D:/Project_CMS/NewProject/assets/Script/Game1-4.ts as cce:/internal/x/cc.
debug: Target(editor) ends with cost 41.68549996614456ms.
debug: Target(preview) build started.
debug: Detected change: cce:/internal/x/prerequisite-imports. Last mtime: Thu Jan 01 1970 13:59:14 GMT+0800 (Indochina Time), Current mtime: Thu Jan 01 1970 14:01:48 GMT+0800 (Indochina Time)
debug: Inspect cce:/internal/x/prerequisite-imports
debug: Resolve file:///D:/Project_CMS/NewProject/assets/Script/Game1-4.ts from cce:/internal/x/prerequisite-imports as file:///D:/Project_CMS/NewProject/assets/Script/Game1-4.ts.
debug: Detected change: file:///D:/Project_CMS/NewProject/assets/Script/Game1-4.ts. Last mtime: Fri Jun 24 2022 13:59:00 GMT+0700 (Indochina Time)@7459314d-4162-43c3-9335-55d833dfbcf0, Current mtime: Fri Jun 24 2022 14:01:35 GMT+0700 (Indochina Time)@7459314d-4162-43c3-9335-55d833dfbcf0
debug: Inspect file:///D:/Project_CMS/NewProject/assets/Script/Game1-4.ts
debug: Resolve cc from file:///D:/Project_CMS/NewProject/assets/Script/Game1-4.ts as cce:/internal/x/cc.
debug: Resolve cc from file:///D:/Project_CMS/NewProject/assets/Script/Game1-4.ts as cce:/internal/x/cc.
debug: Target(preview) ends with cost 50.60659998655319ms.
debug: Dispatch build request for time accumulated 1 asset changes.
debug: Build iteration starts.
Number of accumulated asset changes: 1
Feature changed: false
debug: Target(editor) build started.
debug: Detected change: cce:/internal/x/prerequisite-imports. Last mtime: Thu Jan 01 1970 14:01:48 GMT+0800 (Indochina Time), Current mtime: Thu Jan 01 1970 14:06:40 GMT+0800 (Indochina Time)
debug: Inspect cce:/internal/x/prerequisite-imports
debug: Resolve file:///D:/Project_CMS/NewProject/assets/Script/Game1-4.ts from cce:/internal/x/prerequisite-imports as file:///D:/Project_CMS/NewProject/assets/Script/Game1-4.ts.
debug: Detected change: file:///D:/Project_CMS/NewProject/assets/Script/Game1-4.ts. Last mtime: Fri Jun 24 2022 14:01:35 GMT+0700 (Indochina Time)@7459314d-4162-43c3-9335-55d833dfbcf0, Current mtime: Fri Jun 24 2022 14:06:27 GMT+0700 (Indochina Time)@7459314d-4162-43c3-9335-55d833dfbcf0
debug: Inspect file:///D:/Project_CMS/NewProject/assets/Script/Game1-4.ts
debug: Resolve cc from file:///D:/Project_CMS/NewProject/assets/Script/Game1-4.ts as cce:/internal/x/cc.
debug: Resolve cc from file:///D:/Project_CMS/NewProject/assets/Script/Game1-4.ts as cce:/internal/x/cc.
debug: Target(editor) ends with cost 38.66829997301102ms.
debug: Target(preview) build started.
debug: Detected change: cce:/internal/x/prerequisite-imports. Last mtime: Thu Jan 01 1970 14:01:48 GMT+0800 (Indochina Time), Current mtime: Thu Jan 01 1970 14:06:40 GMT+0800 (Indochina Time)
debug: Inspect cce:/internal/x/prerequisite-imports
debug: Resolve file:///D:/Project_CMS/NewProject/assets/Script/Game1-4.ts from cce:/internal/x/prerequisite-imports as file:///D:/Project_CMS/NewProject/assets/Script/Game1-4.ts.
debug: Detected change: file:///D:/Project_CMS/NewProject/assets/Script/Game1-4.ts. Last mtime: Fri Jun 24 2022 14:01:35 GMT+0700 (Indochina Time)@7459314d-4162-43c3-9335-55d833dfbcf0, Current mtime: Fri Jun 24 2022 14:06:27 GMT+0700 (Indochina Time)@7459314d-4162-43c3-9335-55d833dfbcf0
debug: Inspect file:///D:/Project_CMS/NewProject/assets/Script/Game1-4.ts
debug: Resolve cc from file:///D:/Project_CMS/NewProject/assets/Script/Game1-4.ts as cce:/internal/x/cc.
debug: Resolve cc from file:///D:/Project_CMS/NewProject/assets/Script/Game1-4.ts as cce:/internal/x/cc.
debug: Target(preview) ends with cost 50.5ms.
debug: Dispatch build request for time accumulated 1 asset changes.
debug: Build iteration starts.
Number of accumulated asset changes: 1
Feature changed: false
debug: Target(editor) build started.
debug: Detected change: cce:/internal/x/prerequisite-imports. Last mtime: Thu Jan 01 1970 14:06:40 GMT+0800 (Indochina Time), Current mtime: Thu Jan 01 1970 14:08:55 GMT+0800 (Indochina Time)
debug: Inspect cce:/internal/x/prerequisite-imports
debug: Resolve file:///D:/Project_CMS/NewProject/assets/Script/Game1-4.ts from cce:/internal/x/prerequisite-imports as file:///D:/Project_CMS/NewProject/assets/Script/Game1-4.ts.
debug: Detected change: file:///D:/Project_CMS/NewProject/assets/Script/Game1-4.ts. Last mtime: Fri Jun 24 2022 14:06:27 GMT+0700 (Indochina Time)@7459314d-4162-43c3-9335-55d833dfbcf0, Current mtime: Fri Jun 24 2022 14:08:41 GMT+0700 (Indochina Time)@7459314d-4162-43c3-9335-55d833dfbcf0
debug: Inspect file:///D:/Project_CMS/NewProject/assets/Script/Game1-4.ts
debug: Resolve cc from file:///D:/Project_CMS/NewProject/assets/Script/Game1-4.ts as cce:/internal/x/cc.
debug: Resolve cc from file:///D:/Project_CMS/NewProject/assets/Script/Game1-4.ts as cce:/internal/x/cc.
debug: Target(editor) ends with cost 51.067200005054474ms.
debug: Target(preview) build started.
debug: Detected change: cce:/internal/x/prerequisite-imports. Last mtime: Thu Jan 01 1970 14:06:40 GMT+0800 (Indochina Time), Current mtime: Thu Jan 01 1970 14:08:55 GMT+0800 (Indochina Time)
debug: Inspect cce:/internal/x/prerequisite-imports
debug: Resolve file:///D:/Project_CMS/NewProject/assets/Script/Game1-4.ts from cce:/internal/x/prerequisite-imports as file:///D:/Project_CMS/NewProject/assets/Script/Game1-4.ts.
debug: Detected change: file:///D:/Project_CMS/NewProject/assets/Script/Game1-4.ts. Last mtime: Fri Jun 24 2022 14:06:27 GMT+0700 (Indochina Time)@7459314d-4162-43c3-9335-55d833dfbcf0, Current mtime: Fri Jun 24 2022 14:08:41 GMT+0700 (Indochina Time)@7459314d-4162-43c3-9335-55d833dfbcf0
debug: Inspect file:///D:/Project_CMS/NewProject/assets/Script/Game1-4.ts
debug: Resolve cc from file:///D:/Project_CMS/NewProject/assets/Script/Game1-4.ts as cce:/internal/x/cc.
debug: Resolve cc from file:///D:/Project_CMS/NewProject/assets/Script/Game1-4.ts as cce:/internal/x/cc.
debug: Target(preview) ends with cost 60.896600008010864ms.
debug: Dispatch build request for time accumulated 1 asset changes.
debug: Build iteration starts.
Number of accumulated asset changes: 1
Feature changed: false
debug: Target(editor) build started.
debug: Detected change: cce:/internal/x/prerequisite-imports. Last mtime: Thu Jan 01 1970 14:08:55 GMT+0800 (Indochina Time), Current mtime: Thu Jan 01 1970 14:14:25 GMT+0800 (Indochina Time)
debug: Inspect cce:/internal/x/prerequisite-imports
debug: Resolve file:///D:/Project_CMS/NewProject/assets/Script/Game1-4.ts from cce:/internal/x/prerequisite-imports as file:///D:/Project_CMS/NewProject/assets/Script/Game1-4.ts.
debug: Detected change: file:///D:/Project_CMS/NewProject/assets/Script/Game1-4.ts. Last mtime: Fri Jun 24 2022 14:08:41 GMT+0700 (Indochina Time)@7459314d-4162-43c3-9335-55d833dfbcf0, Current mtime: Fri Jun 24 2022 14:14:11 GMT+0700 (Indochina Time)@7459314d-4162-43c3-9335-55d833dfbcf0
debug: Inspect file:///D:/Project_CMS/NewProject/assets/Script/Game1-4.ts
debug: Resolve cc from file:///D:/Project_CMS/NewProject/assets/Script/Game1-4.ts as cce:/internal/x/cc.
debug: Resolve cc from file:///D:/Project_CMS/NewProject/assets/Script/Game1-4.ts as cce:/internal/x/cc.
debug: Target(editor) ends with cost 36.518800020217896ms.
debug: Target(preview) build started.
debug: Detected change: cce:/internal/x/prerequisite-imports. Last mtime: Thu Jan 01 1970 14:08:55 GMT+0800 (Indochina Time), Current mtime: Thu Jan 01 1970 14:14:25 GMT+0800 (Indochina Time)
debug: Inspect cce:/internal/x/prerequisite-imports
debug: Resolve file:///D:/Project_CMS/NewProject/assets/Script/Game1-4.ts from cce:/internal/x/prerequisite-imports as file:///D:/Project_CMS/NewProject/assets/Script/Game1-4.ts.
debug: Detected change: file:///D:/Project_CMS/NewProject/assets/Script/Game1-4.ts. Last mtime: Fri Jun 24 2022 14:08:41 GMT+0700 (Indochina Time)@7459314d-4162-43c3-9335-55d833dfbcf0, Current mtime: Fri Jun 24 2022 14:14:11 GMT+0700 (Indochina Time)@7459314d-4162-43c3-9335-55d833dfbcf0
debug: Inspect file:///D:/Project_CMS/NewProject/assets/Script/Game1-4.ts
debug: Resolve cc from file:///D:/Project_CMS/NewProject/assets/Script/Game1-4.ts as cce:/internal/x/cc.
debug: Resolve cc from file:///D:/Project_CMS/NewProject/assets/Script/Game1-4.ts as cce:/internal/x/cc.
debug: Target(preview) ends with cost 42.69359999895096ms.
debug: Dispatch build request for time accumulated 1 asset changes.
debug: Build iteration starts.
Number of accumulated asset changes: 1
Feature changed: false
debug: Target(editor) build started.
debug: Detected change: cce:/internal/x/prerequisite-imports. Last mtime: Thu Jan 01 1970 14:14:25 GMT+0800 (Indochina Time), Current mtime: Thu Jan 01 1970 14:20:34 GMT+0800 (Indochina Time)
debug: Inspect cce:/internal/x/prerequisite-imports
debug: Resolve file:///D:/Project_CMS/NewProject/assets/Script/Game1-4.ts from cce:/internal/x/prerequisite-imports as file:///D:/Project_CMS/NewProject/assets/Script/Game1-4.ts.
debug: Detected change: file:///D:/Project_CMS/NewProject/assets/Script/Game1-4.ts. Last mtime: Fri Jun 24 2022 14:14:11 GMT+0700 (Indochina Time)@7459314d-4162-43c3-9335-55d833dfbcf0, Current mtime: Fri Jun 24 2022 14:20:21 GMT+0700 (Indochina Time)@7459314d-4162-43c3-9335-55d833dfbcf0
debug: Inspect file:///D:/Project_CMS/NewProject/assets/Script/Game1-4.ts
debug: Resolve cc from file:///D:/Project_CMS/NewProject/assets/Script/Game1-4.ts as cce:/internal/x/cc.
debug: Resolve cc from file:///D:/Project_CMS/NewProject/assets/Script/Game1-4.ts as cce:/internal/x/cc.
debug: Target(editor) ends with cost 60.16279995441437ms.
debug: Target(preview) build started.
debug: Detected change: cce:/internal/x/prerequisite-imports. Last mtime: Thu Jan 01 1970 14:14:25 GMT+0800 (Indochina Time), Current mtime: Thu Jan 01 1970 14:20:34 GMT+0800 (Indochina Time)
debug: Inspect cce:/internal/x/prerequisite-imports
debug: Resolve file:///D:/Project_CMS/NewProject/assets/Script/Game1-4.ts from cce:/internal/x/prerequisite-imports as file:///D:/Project_CMS/NewProject/assets/Script/Game1-4.ts.
debug: Detected change: file:///D:/Project_CMS/NewProject/assets/Script/Game1-4.ts. Last mtime: Fri Jun 24 2022 14:14:11 GMT+0700 (Indochina Time)@7459314d-4162-43c3-9335-55d833dfbcf0, Current mtime: Fri Jun 24 2022 14:20:21 GMT+0700 (Indochina Time)@7459314d-4162-43c3-9335-55d833dfbcf0
debug: Inspect file:///D:/Project_CMS/NewProject/assets/Script/Game1-4.ts
debug: Resolve cc from file:///D:/Project_CMS/NewProject/assets/Script/Game1-4.ts as cce:/internal/x/cc.
debug: Resolve cc from file:///D:/Project_CMS/NewProject/assets/Script/Game1-4.ts as cce:/internal/x/cc.
debug: Target(preview) ends with cost 68.23909997940063ms.
debug: Dispatch build request for time accumulated 1 asset changes.
debug: Build iteration starts.
Number of accumulated asset changes: 1
Feature changed: false
debug: Target(editor) build started.
debug: Detected change: cce:/internal/x/prerequisite-imports. Last mtime: Thu Jan 01 1970 14:20:34 GMT+0800 (Indochina Time), Current mtime: Thu Jan 01 1970 14:21:19 GMT+0800 (Indochina Time)
debug: Inspect cce:/internal/x/prerequisite-imports
debug: Resolve file:///D:/Project_CMS/NewProject/assets/Script/Game1-4.ts from cce:/internal/x/prerequisite-imports as file:///D:/Project_CMS/NewProject/assets/Script/Game1-4.ts.
debug: Detected change: file:///D:/Project_CMS/NewProject/assets/Script/Game1-4.ts. Last mtime: Fri Jun 24 2022 14:20:21 GMT+0700 (Indochina Time)@7459314d-4162-43c3-9335-55d833dfbcf0, Current mtime: Fri Jun 24 2022 14:21:07 GMT+0700 (Indochina Time)@7459314d-4162-43c3-9335-55d833dfbcf0
debug: Inspect file:///D:/Project_CMS/NewProject/assets/Script/Game1-4.ts
debug: Resolve cc from file:///D:/Project_CMS/NewProject/assets/Script/Game1-4.ts as cce:/internal/x/cc.
debug: Resolve cc from file:///D:/Project_CMS/NewProject/assets/Script/Game1-4.ts as cce:/internal/x/cc.
debug: Target(editor) ends with cost 42.62299996614456ms.
debug: Target(preview) build started.
debug: Detected change: cce:/internal/x/prerequisite-imports. Last mtime: Thu Jan 01 1970 14:20:34 GMT+0800 (Indochina Time), Current mtime: Thu Jan 01 1970 14:21:19 GMT+0800 (Indochina Time)
debug: Inspect cce:/internal/x/prerequisite-imports
debug: Resolve file:///D:/Project_CMS/NewProject/assets/Script/Game1-4.ts from cce:/internal/x/prerequisite-imports as file:///D:/Project_CMS/NewProject/assets/Script/Game1-4.ts.
debug: Detected change: file:///D:/Project_CMS/NewProject/assets/Script/Game1-4.ts. Last mtime: Fri Jun 24 2022 14:20:21 GMT+0700 (Indochina Time)@7459314d-4162-43c3-9335-55d833dfbcf0, Current mtime: Fri Jun 24 2022 14:21:07 GMT+0700 (Indochina Time)@7459314d-4162-43c3-9335-55d833dfbcf0
debug: Inspect file:///D:/Project_CMS/NewProject/assets/Script/Game1-4.ts
debug: Resolve cc from file:///D:/Project_CMS/NewProject/assets/Script/Game1-4.ts as cce:/internal/x/cc.
debug: Resolve cc from file:///D:/Project_CMS/NewProject/assets/Script/Game1-4.ts as cce:/internal/x/cc.
debug: Target(preview) ends with cost 46.23050004243851ms.
debug: Dispatch build request for time accumulated 1 asset changes.
debug: Build iteration starts.
Number of accumulated asset changes: 1
Feature changed: false
debug: Target(editor) build started.
debug: Detected change: cce:/internal/x/prerequisite-imports. Last mtime: Thu Jan 01 1970 14:21:19 GMT+0800 (Indochina Time), Current mtime: Thu Jan 01 1970 14:23:38 GMT+0800 (Indochina Time)
debug: Inspect cce:/internal/x/prerequisite-imports
debug: Resolve file:///D:/Project_CMS/NewProject/assets/Script/Game1-4.ts from cce:/internal/x/prerequisite-imports as file:///D:/Project_CMS/NewProject/assets/Script/Game1-4.ts.
debug: Detected change: file:///D:/Project_CMS/NewProject/assets/Script/Game1-4.ts. Last mtime: Fri Jun 24 2022 14:21:07 GMT+0700 (Indochina Time)@7459314d-4162-43c3-9335-55d833dfbcf0, Current mtime: Fri Jun 24 2022 14:23:26 GMT+0700 (Indochina Time)@7459314d-4162-43c3-9335-55d833dfbcf0
debug: Inspect file:///D:/Project_CMS/NewProject/assets/Script/Game1-4.ts
debug: Resolve cc from file:///D:/Project_CMS/NewProject/assets/Script/Game1-4.ts as cce:/internal/x/cc.
debug: Resolve cc from file:///D:/Project_CMS/NewProject/assets/Script/Game1-4.ts as cce:/internal/x/cc.
debug: Target(editor) ends with cost 35.837900042533875ms.
debug: Target(preview) build started.
debug: Detected change: cce:/internal/x/prerequisite-imports. Last mtime: Thu Jan 01 1970 14:21:19 GMT+0800 (Indochina Time), Current mtime: Thu Jan 01 1970 14:23:38 GMT+0800 (Indochina Time)
debug: Inspect cce:/internal/x/prerequisite-imports
debug: Resolve file:///D:/Project_CMS/NewProject/assets/Script/Game1-4.ts from cce:/internal/x/prerequisite-imports as file:///D:/Project_CMS/NewProject/assets/Script/Game1-4.ts.
debug: Detected change: file:///D:/Project_CMS/NewProject/assets/Script/Game1-4.ts. Last mtime: Fri Jun 24 2022 14:21:07 GMT+0700 (Indochina Time)@7459314d-4162-43c3-9335-55d833dfbcf0, Current mtime: Fri Jun 24 2022 14:23:26 GMT+0700 (Indochina Time)@7459314d-4162-43c3-9335-55d833dfbcf0
debug: Inspect file:///D:/Project_CMS/NewProject/assets/Script/Game1-4.ts
debug: Resolve cc from file:///D:/Project_CMS/NewProject/assets/Script/Game1-4.ts as cce:/internal/x/cc.
debug: Resolve cc from file:///D:/Project_CMS/NewProject/assets/Script/Game1-4.ts as cce:/internal/x/cc.
debug: Target(preview) ends with cost 42.299100041389465ms.
debug: Dispatch build request for time accumulated 1 asset changes.
debug: Build iteration starts.
Number of accumulated asset changes: 1
Feature changed: false
debug: Target(editor) build started.
debug: Detected change: cce:/internal/x/prerequisite-imports. Last mtime: Thu Jan 01 1970 14:23:38 GMT+0800 (Indochina Time), Current mtime: Thu Jan 01 1970 14:29:20 GMT+0800 (Indochina Time)
debug: Inspect cce:/internal/x/prerequisite-imports
debug: Resolve file:///D:/Project_CMS/NewProject/assets/Script/Game1-4.ts from cce:/internal/x/prerequisite-imports as file:///D:/Project_CMS/NewProject/assets/Script/Game1-4.ts.
debug: Detected change: file:///D:/Project_CMS/NewProject/assets/Script/Game1-4.ts. Last mtime: Fri Jun 24 2022 14:23:26 GMT+0700 (Indochina Time)@7459314d-4162-43c3-9335-55d833dfbcf0, Current mtime: Fri Jun 24 2022 14:29:07 GMT+0700 (Indochina Time)@7459314d-4162-43c3-9335-55d833dfbcf0
debug: Inspect file:///D:/Project_CMS/NewProject/assets/Script/Game1-4.ts
debug: Resolve cc from file:///D:/Project_CMS/NewProject/assets/Script/Game1-4.ts as cce:/internal/x/cc.
debug: Resolve cc from file:///D:/Project_CMS/NewProject/assets/Script/Game1-4.ts as cce:/internal/x/cc.
debug: Target(editor) ends with cost 73.33550000190735ms.
debug: Target(preview) build started.
debug: Detected change: cce:/internal/x/prerequisite-imports. Last mtime: Thu Jan 01 1970 14:23:38 GMT+0800 (Indochina Time), Current mtime: Thu Jan 01 1970 14:29:21 GMT+0800 (Indochina Time)
debug: Inspect cce:/internal/x/prerequisite-imports
debug: Resolve file:///D:/Project_CMS/NewProject/assets/Script/Game1-4.ts from cce:/internal/x/prerequisite-imports as file:///D:/Project_CMS/NewProject/assets/Script/Game1-4.ts.
debug: Detected change: file:///D:/Project_CMS/NewProject/assets/Script/Game1-4.ts. Last mtime: Fri Jun 24 2022 14:23:26 GMT+0700 (Indochina Time)@7459314d-4162-43c3-9335-55d833dfbcf0, Current mtime: Fri Jun 24 2022 14:29:07 GMT+0700 (Indochina Time)@7459314d-4162-43c3-9335-55d833dfbcf0
debug: Inspect file:///D:/Project_CMS/NewProject/assets/Script/Game1-4.ts
debug: Resolve cc from file:///D:/Project_CMS/NewProject/assets/Script/Game1-4.ts as cce:/internal/x/cc.
debug: Resolve cc from file:///D:/Project_CMS/NewProject/assets/Script/Game1-4.ts as cce:/internal/x/cc.
debug: Target(preview) ends with cost 55.73140001296997ms.
debug: Dispatch build request for time accumulated 1 asset changes.
debug: Build iteration starts.
Number of accumulated asset changes: 1
Feature changed: false
debug: Target(editor) build started.
debug: Detected change: cce:/internal/x/prerequisite-imports. Last mtime: Thu Jan 01 1970 14:29:20 GMT+0800 (Indochina Time), Current mtime: Thu Jan 01 1970 14:33:39 GMT+0800 (Indochina Time)
debug: Inspect cce:/internal/x/prerequisite-imports
debug: Resolve file:///D:/Project_CMS/NewProject/assets/Script/Game1-4.ts from cce:/internal/x/prerequisite-imports as file:///D:/Project_CMS/NewProject/assets/Script/Game1-4.ts.
debug: Detected change: file:///D:/Project_CMS/NewProject/assets/Script/Game1-4.ts. Last mtime: Fri Jun 24 2022 14:29:07 GMT+0700 (Indochina Time)@7459314d-4162-43c3-9335-55d833dfbcf0, Current mtime: Fri Jun 24 2022 14:33:22 GMT+0700 (Indochina Time)@7459314d-4162-43c3-9335-55d833dfbcf0
debug: Inspect file:///D:/Project_CMS/NewProject/assets/Script/Game1-4.ts
debug: Resolve cc from file:///D:/Project_CMS/NewProject/assets/Script/Game1-4.ts as cce:/internal/x/cc.
debug: Resolve cc from file:///D:/Project_CMS/NewProject/assets/Script/Game1-4.ts as cce:/internal/x/cc.
debug: Target(editor) ends with cost 44.616800010204315ms.
debug: Target(preview) build started.
debug: Detected change: cce:/internal/x/prerequisite-imports. Last mtime: Thu Jan 01 1970 14:29:21 GMT+0800 (Indochina Time), Current mtime: Thu Jan 01 1970 14:33:39 GMT+0800 (Indochina Time)
debug: Inspect cce:/internal/x/prerequisite-imports
debug: Resolve file:///D:/Project_CMS/NewProject/assets/Script/Game1-4.ts from cce:/internal/x/prerequisite-imports as file:///D:/Project_CMS/NewProject/assets/Script/Game1-4.ts.
debug: Detected change: file:///D:/Project_CMS/NewProject/assets/Script/Game1-4.ts. Last mtime: Fri Jun 24 2022 14:29:07 GMT+0700 (Indochina Time)@7459314d-4162-43c3-9335-55d833dfbcf0, Current mtime: Fri Jun 24 2022 14:33:22 GMT+0700 (Indochina Time)@7459314d-4162-43c3-9335-55d833dfbcf0
debug: Inspect file:///D:/Project_CMS/NewProject/assets/Script/Game1-4.ts
debug: Resolve cc from file:///D:/Project_CMS/NewProject/assets/Script/Game1-4.ts as cce:/internal/x/cc.
debug: Resolve cc from file:///D:/Project_CMS/NewProject/assets/Script/Game1-4.ts as cce:/internal/x/cc.
debug: Target(preview) ends with cost 58.03880000114441ms.
debug: Dispatch build request for time accumulated 1 asset changes.
debug: Build iteration starts.
Number of accumulated asset changes: 1
Feature changed: false
debug: Target(editor) build started.
debug: Detected change: cce:/internal/x/prerequisite-imports. Last mtime: Thu Jan 01 1970 14:33:39 GMT+0800 (Indochina Time), Current mtime: Thu Jan 01 1970 14:34:08 GMT+0800 (Indochina Time)
debug: Inspect cce:/internal/x/prerequisite-imports
debug: Resolve file:///D:/Project_CMS/NewProject/assets/Script/Game1-4.ts from cce:/internal/x/prerequisite-imports as file:///D:/Project_CMS/NewProject/assets/Script/Game1-4.ts.
debug: Detected change: file:///D:/Project_CMS/NewProject/assets/Script/Game1-4.ts. Last mtime: Fri Jun 24 2022 14:33:22 GMT+0700 (Indochina Time)@7459314d-4162-43c3-9335-55d833dfbcf0, Current mtime: Fri Jun 24 2022 14:33:56 GMT+0700 (Indochina Time)@7459314d-4162-43c3-9335-55d833dfbcf0
debug: Inspect file:///D:/Project_CMS/NewProject/assets/Script/Game1-4.ts
debug: Resolve cc from file:///D:/Project_CMS/NewProject/assets/Script/Game1-4.ts as cce:/internal/x/cc.
debug: Resolve cc from file:///D:/Project_CMS/NewProject/assets/Script/Game1-4.ts as cce:/internal/x/cc.
debug: Target(editor) ends with cost 41.56290000677109ms.
debug: Target(preview) build started.
debug: Detected change: cce:/internal/x/prerequisite-imports. Last mtime: Thu Jan 01 1970 14:33:39 GMT+0800 (Indochina Time), Current mtime: Thu Jan 01 1970 14:34:08 GMT+0800 (Indochina Time)
debug: Inspect cce:/internal/x/prerequisite-imports
debug: Resolve file:///D:/Project_CMS/NewProject/assets/Script/Game1-4.ts from cce:/internal/x/prerequisite-imports as file:///D:/Project_CMS/NewProject/assets/Script/Game1-4.ts.
debug: Detected change: file:///D:/Project_CMS/NewProject/assets/Script/Game1-4.ts. Last mtime: Fri Jun 24 2022 14:33:22 GMT+0700 (Indochina Time)@7459314d-4162-43c3-9335-55d833dfbcf0, Current mtime: Fri Jun 24 2022 14:33:56 GMT+0700 (Indochina Time)@7459314d-4162-43c3-9335-55d833dfbcf0
debug: Inspect file:///D:/Project_CMS/NewProject/assets/Script/Game1-4.ts
debug: Resolve cc from file:///D:/Project_CMS/NewProject/assets/Script/Game1-4.ts as cce:/internal/x/cc.
debug: Resolve cc from file:///D:/Project_CMS/NewProject/assets/Script/Game1-4.ts as cce:/internal/x/cc.
debug: Target(preview) ends with cost 47.759800016880035ms.
debug: Dispatch build request for time accumulated 1 asset changes.
debug: Build iteration starts.
Number of accumulated asset changes: 1
Feature changed: false
debug: Target(editor) build started.
debug: Detected change: cce:/internal/x/prerequisite-imports. Last mtime: Thu Jan 01 1970 14:34:08 GMT+0800 (Indochina Time), Current mtime: Thu Jan 01 1970 14:34:14 GMT+0800 (Indochina Time)
debug: Inspect cce:/internal/x/prerequisite-imports
debug: Resolve file:///D:/Project_CMS/NewProject/assets/Script/Game1-4.ts from cce:/internal/x/prerequisite-imports as file:///D:/Project_CMS/NewProject/assets/Script/Game1-4.ts.
debug: Detected change: file:///D:/Project_CMS/NewProject/assets/Script/Game1-4.ts. Last mtime: Fri Jun 24 2022 14:33:56 GMT+0700 (Indochina Time)@7459314d-4162-43c3-9335-55d833dfbcf0, Current mtime: Fri Jun 24 2022 14:34:02 GMT+0700 (Indochina Time)@7459314d-4162-43c3-9335-55d833dfbcf0
debug: Inspect file:///D:/Project_CMS/NewProject/assets/Script/Game1-4.ts
debug: Resolve cc from file:///D:/Project_CMS/NewProject/assets/Script/Game1-4.ts as cce:/internal/x/cc.
debug: Resolve cc from file:///D:/Project_CMS/NewProject/assets/Script/Game1-4.ts as cce:/internal/x/cc.
debug: Target(editor) ends with cost 39.059800028800964ms.
debug: Target(preview) build started.
debug: Detected change: cce:/internal/x/prerequisite-imports. Last mtime: Thu Jan 01 1970 14:34:08 GMT+0800 (Indochina Time), Current mtime: Thu Jan 01 1970 14:34:14 GMT+0800 (Indochina Time)
debug: Inspect cce:/internal/x/prerequisite-imports
debug: Resolve file:///D:/Project_CMS/NewProject/assets/Script/Game1-4.ts from cce:/internal/x/prerequisite-imports as file:///D:/Project_CMS/NewProject/assets/Script/Game1-4.ts.
debug: Detected change: file:///D:/Project_CMS/NewProject/assets/Script/Game1-4.ts. Last mtime: Fri Jun 24 2022 14:33:56 GMT+0700 (Indochina Time)@7459314d-4162-43c3-9335-55d833dfbcf0, Current mtime: Fri Jun 24 2022 14:34:02 GMT+0700 (Indochina Time)@7459314d-4162-43c3-9335-55d833dfbcf0
debug: Inspect file:///D:/Project_CMS/NewProject/assets/Script/Game1-4.ts
debug: Resolve cc from file:///D:/Project_CMS/NewProject/assets/Script/Game1-4.ts as cce:/internal/x/cc.
debug: Resolve cc from file:///D:/Project_CMS/NewProject/assets/Script/Game1-4.ts as cce:/internal/x/cc.
debug: Target(preview) ends with cost 61.71519994735718ms.
debug: Dispatch build request for time accumulated 1 asset changes.
debug: Build iteration starts.
Number of accumulated asset changes: 1
Feature changed: false
debug: Target(editor) build started.
debug: Detected change: cce:/internal/x/prerequisite-imports. Last mtime: Thu Jan 01 1970 14:34:14 GMT+0800 (Indochina Time), Current mtime: Thu Jan 01 1970 14:34:21 GMT+0800 (Indochina Time)
debug: Inspect cce:/internal/x/prerequisite-imports
debug: Resolve file:///D:/Project_CMS/NewProject/assets/Script/Game1-4.ts from cce:/internal/x/prerequisite-imports as file:///D:/Project_CMS/NewProject/assets/Script/Game1-4.ts.
debug: Detected change: file:///D:/Project_CMS/NewProject/assets/Script/Game1-4.ts. Last mtime: Fri Jun 24 2022 14:34:02 GMT+0700 (Indochina Time)@7459314d-4162-43c3-9335-55d833dfbcf0, Current mtime: Fri Jun 24 2022 14:34:09 GMT+0700 (Indochina Time)@7459314d-4162-43c3-9335-55d833dfbcf0
debug: Inspect file:///D:/Project_CMS/NewProject/assets/Script/Game1-4.ts
debug: Resolve cc from file:///D:/Project_CMS/NewProject/assets/Script/Game1-4.ts as cce:/internal/x/cc.
debug: Resolve cc from file:///D:/Project_CMS/NewProject/assets/Script/Game1-4.ts as cce:/internal/x/cc.
debug: Target(editor) ends with cost 41.68300002813339ms.
debug: Target(preview) build started.
debug: Detected change: cce:/internal/x/prerequisite-imports. Last mtime: Thu Jan 01 1970 14:34:14 GMT+0800 (Indochina Time), Current mtime: Thu Jan 01 1970 14:34:21 GMT+0800 (Indochina Time)
debug: Inspect cce:/internal/x/prerequisite-imports
debug: Resolve file:///D:/Project_CMS/NewProject/assets/Script/Game1-4.ts from cce:/internal/x/prerequisite-imports as file:///D:/Project_CMS/NewProject/assets/Script/Game1-4.ts.
debug: Detected change: file:///D:/Project_CMS/NewProject/assets/Script/Game1-4.ts. Last mtime: Fri Jun 24 2022 14:34:02 GMT+0700 (Indochina Time)@7459314d-4162-43c3-9335-55d833dfbcf0, Current mtime: Fri Jun 24 2022 14:34:09 GMT+0700 (Indochina Time)@7459314d-4162-43c3-9335-55d833dfbcf0
debug: Inspect file:///D:/Project_CMS/NewProject/assets/Script/Game1-4.ts
debug: Resolve cc from file:///D:/Project_CMS/NewProject/assets/Script/Game1-4.ts as cce:/internal/x/cc.
debug: Resolve cc from file:///D:/Project_CMS/NewProject/assets/Script/Game1-4.ts as cce:/internal/x/cc.
debug: Target(preview) ends with cost 42.92689996957779ms.
debug: Dispatch build request for time accumulated 1 asset changes.
debug: Build iteration starts.
Number of accumulated asset changes: 1
Feature changed: false
debug: Target(editor) build started.
debug: Detected change: cce:/internal/x/prerequisite-imports. Last mtime: Thu Jan 01 1970 14:34:21 GMT+0800 (Indochina Time), Current mtime: Thu Jan 01 1970 17:08:35 GMT+0800 (Indochina Time)
debug: Inspect cce:/internal/x/prerequisite-imports
debug: Resolve file:///D:/Project_CMS/NewProject/assets/Script/Game1-4.ts from cce:/internal/x/prerequisite-imports as file:///D:/Project_CMS/NewProject/assets/Script/Game1-4.ts.
debug: Detected change: file:///D:/Project_CMS/NewProject/assets/Script/Game1-4.ts. Last mtime: Fri Jun 24 2022 14:34:09 GMT+0700 (Indochina Time)@7459314d-4162-43c3-9335-55d833dfbcf0, Current mtime: Fri Jun 24 2022 17:08:23 GMT+0700 (Indochina Time)@7459314d-4162-43c3-9335-55d833dfbcf0
debug: Inspect file:///D:/Project_CMS/NewProject/assets/Script/Game1-4.ts
debug: Resolve cc from file:///D:/Project_CMS/NewProject/assets/Script/Game1-4.ts as cce:/internal/x/cc.
debug: Resolve cc from file:///D:/Project_CMS/NewProject/assets/Script/Game1-4.ts as cce:/internal/x/cc.
debug: Target(editor) ends with cost 83.37650001049042ms.
debug: Target(preview) build started.
debug: Detected change: cce:/internal/x/prerequisite-imports. Last mtime: Thu Jan 01 1970 14:34:21 GMT+0800 (Indochina Time), Current mtime: Thu Jan 01 1970 17:08:35 GMT+0800 (Indochina Time)
debug: Inspect cce:/internal/x/prerequisite-imports
debug: Resolve file:///D:/Project_CMS/NewProject/assets/Script/Game1-4.ts from cce:/internal/x/prerequisite-imports as file:///D:/Project_CMS/NewProject/assets/Script/Game1-4.ts.
debug: Detected change: file:///D:/Project_CMS/NewProject/assets/Script/Game1-4.ts. Last mtime: Fri Jun 24 2022 14:34:09 GMT+0700 (Indochina Time)@7459314d-4162-43c3-9335-55d833dfbcf0, Current mtime: Fri Jun 24 2022 17:08:23 GMT+0700 (Indochina Time)@7459314d-4162-43c3-9335-55d833dfbcf0
debug: Inspect file:///D:/Project_CMS/NewProject/assets/Script/Game1-4.ts
debug: Resolve cc from file:///D:/Project_CMS/NewProject/assets/Script/Game1-4.ts as cce:/internal/x/cc.
debug: Resolve cc from file:///D:/Project_CMS/NewProject/assets/Script/Game1-4.ts as cce:/internal/x/cc.
debug: Target(preview) ends with cost 71.37139999866486ms.
debug: Dispatch build request for time accumulated 1 asset changes.
debug: Build iteration starts.
Number of accumulated asset changes: 1
Feature changed: false
debug: Target(editor) build started.
debug: Detected change: cce:/internal/x/prerequisite-imports. Last mtime: Thu Jan 01 1970 17:08:35 GMT+0800 (Indochina Time), Current mtime: Thu Jan 01 1970 17:09:24 GMT+0800 (Indochina Time)
debug: Inspect cce:/internal/x/prerequisite-imports
debug: Resolve file:///D:/Project_CMS/NewProject/assets/Script/Game1-4.ts from cce:/internal/x/prerequisite-imports as file:///D:/Project_CMS/NewProject/assets/Script/Game1-4.ts.
debug: Detected change: file:///D:/Project_CMS/NewProject/assets/Script/Game1-4.ts. Last mtime: Fri Jun 24 2022 17:08:23 GMT+0700 (Indochina Time)@7459314d-4162-43c3-9335-55d833dfbcf0, Current mtime: Fri Jun 24 2022 17:09:09 GMT+0700 (Indochina Time)@7459314d-4162-43c3-9335-55d833dfbcf0
debug: Inspect file:///D:/Project_CMS/NewProject/assets/Script/Game1-4.ts
debug: Resolve cc from file:///D:/Project_CMS/NewProject/assets/Script/Game1-4.ts as cce:/internal/x/cc.
debug: Resolve cc from file:///D:/Project_CMS/NewProject/assets/Script/Game1-4.ts as cce:/internal/x/cc.
debug: Target(editor) ends with cost 46.33660000562668ms.
debug: Target(preview) build started.
debug: Detected change: cce:/internal/x/prerequisite-imports. Last mtime: Thu Jan 01 1970 17:08:35 GMT+0800 (Indochina Time), Current mtime: Thu Jan 01 1970 17:09:24 GMT+0800 (Indochina Time)
debug: Inspect cce:/internal/x/prerequisite-imports
debug: Resolve file:///D:/Project_CMS/NewProject/assets/Script/Game1-4.ts from cce:/internal/x/prerequisite-imports as file:///D:/Project_CMS/NewProject/assets/Script/Game1-4.ts.
debug: Detected change: file:///D:/Project_CMS/NewProject/assets/Script/Game1-4.ts. Last mtime: Fri Jun 24 2022 17:08:23 GMT+0700 (Indochina Time)@7459314d-4162-43c3-9335-55d833dfbcf0, Current mtime: Fri Jun 24 2022 17:09:09 GMT+0700 (Indochina Time)@7459314d-4162-43c3-9335-55d833dfbcf0
debug: Inspect file:///D:/Project_CMS/NewProject/assets/Script/Game1-4.ts
debug: Resolve cc from file:///D:/Project_CMS/NewProject/assets/Script/Game1-4.ts as cce:/internal/x/cc.
debug: Resolve cc from file:///D:/Project_CMS/NewProject/assets/Script/Game1-4.ts as cce:/internal/x/cc.
debug: Target(preview) ends with cost 50.66720002889633ms.
