2022-06-23T01:56:44.851Z - log: [Package] menu@1.0.0 enable
2022-06-23T01:56:44.852Z - log: [Package] profile@1.0.0 enable
2022-06-23T01:56:44.856Z - log: [Package] project@1.0.2 enable
2022-06-23T01:56:44.859Z - log: [Package] messages@1.0.0 enable
2022-06-23T01:56:44.871Z - log: [Package] program@1.0.0 enable
2022-06-23T01:56:44.874Z - log: [Package] tester@1.0.0 enable
2022-06-23T01:56:44.877Z - log: [Package] preferences@1.0.0 enable
2022-06-23T01:56:45.227Z - log: Setup mods mgr.: 192.393ms
2022-06-23T01:56:45.231Z - verbose: [Engine] QuickCompile engine (321ms)
2022-06-23T01:56:45.233Z - log: [Package] engine@1.0.6 enable
2022-06-23T01:56:45.815Z - log: [Package] programming@1.0.0 enable
2022-06-23T01:56:46.165Z - log: [Package] device@1.0.1 enable
2022-06-23T01:56:46.202Z - log: [Package] ui-kit@1.0.1 enable
2022-06-23T01:56:46.227Z - log: [Package] engine-extends@1.0.0 enable
2022-06-23T01:56:46.270Z - log: [Package] asset-db@1.0.0 enable
2022-06-23T01:56:46.313Z - log: [Package] scene@1.0.0 enable
2022-06-23T01:56:46.410Z - log: [Package] server@1.0.0 enable
2022-06-23T01:56:46.411Z - warn: Server: Port 7456 is occupied
2022-06-23T01:56:46.411Z - warn: Server: Port 7457 is occupied
2022-06-23T01:56:46.411Z - warn: Server: Port 7458 is occupied
2022-06-23T01:56:46.451Z - log: [Package] utils@1.0.0 enable
2022-06-23T01:56:48.379Z - log: [Package] preview@1.0.1 enable
2022-06-23T01:56:48.408Z - log: [Package] animator@1.0.0 enable
2022-06-23T01:56:49.038Z - log: Profile changed: builder (log.level: 4)
2022-06-23T01:56:49.043Z - log: [Package] builder@1.3.2 enable
2022-06-23T01:56:49.071Z - log: [Package] shortcuts@1.0.1 enable
2022-06-23T01:56:49.099Z - log: [Package] animation-graph@1.0.0 enable
2022-06-23T01:56:49.120Z - log: [Package] runtime-dev-tools@1.0.0 enable
2022-06-23T01:56:49.142Z - log: [Package] channel-upload-tools@1.0.0 enable
2022-06-23T01:56:49.183Z - log: [Package] about@1.0.0 enable
2022-06-23T01:56:49.217Z - log: [Package] assets@1.0.0 enable
2022-06-23T01:56:49.245Z - log: [Package] console@1.0.0 enable
2022-06-23T01:56:49.352Z - log: [Package] extension@3.0.16 enable
2022-06-23T01:56:49.380Z - log: [Package] hierarchy@1.0.0 enable
2022-06-23T01:56:49.409Z - log: [Package] inspector@1.0.0 enable
2022-06-23T01:56:49.410Z - verbose: [AssetDB] Require engine code (683ms)
2022-06-23T01:56:49.437Z - log: [Package] lightmap@1.0.4 enable
2022-06-23T01:56:49.478Z - log: [Package] node-library@1.0.1 enable
2022-06-23T01:56:49.507Z - log: [Package] package-asset@1.0.0 enable
2022-06-23T01:56:49.544Z - log: [Package] process@1.0.0 enable
2022-06-23T01:56:49.575Z - log: [Package] reference-image@1.0.0 enable
2022-06-23T01:56:49.598Z - log: [Package] alipay-mini-game@1.0.0 enable
2022-06-23T01:56:49.633Z - log: [Package] android@1.0.0 enable
2022-06-23T01:56:49.665Z - log: [Package] baidu-mini-game@1.0.0 enable
2022-06-23T01:56:49.696Z - log: [Package] bytedance-mini-game@1.0.1 enable
2022-06-23T01:56:49.727Z - log: [Package] cocos-play@1.0.0 enable
2022-06-23T01:56:49.750Z - log: [Package] huawei-agc@1.0.0 enable
2022-06-23T01:56:49.772Z - log: [Package] huawei-quick-game@1.0.0 enable
2022-06-23T01:56:49.807Z - log: [Package] ios@1.0.0 enable
2022-06-23T01:56:49.837Z - log: [Package] ios-app-clip@1.0.0 enable
2022-06-23T01:56:49.869Z - log: [Package] link-sure@1.0.0 enable
2022-06-23T01:56:49.901Z - log: [Package] linux@1.0.0 enable
2022-06-23T01:56:49.933Z - log: [Package] mac@1.0.0 enable
2022-06-23T01:56:50.009Z - log: [Package] native@1.0.0 enable
2022-06-23T01:56:50.044Z - log: [Package] ohos@1.0.0 enable
2022-06-23T01:56:50.075Z - log: [Package] open-harmonyos@1.0.0 enable
2022-06-23T01:56:50.107Z - log: [Package] oppo-mini-game@1.0.0 enable
2022-06-23T01:56:50.137Z - log: [Package] qtt@1.0.0 enable
2022-06-23T01:56:50.170Z - log: [Package] vivo-mini-game@1.0.0 enable
2022-06-23T01:56:50.209Z - log: [Package] web-desktop@1.0.0 enable
2022-06-23T01:56:50.248Z - log: [Package] web-mobile@1.0.0 enable
2022-06-23T01:56:50.278Z - log: [Package] wechatgame@1.0.1 enable
2022-06-23T01:56:50.302Z - log: [Package] windows@1.0.0 enable
2022-06-23T01:56:50.327Z - log: [Package] xiaomi-quick-game@1.0.0 enable
2022-06-23T01:56:50.489Z - log: [Package] cocos-service@3.0.3 enable
2022-06-23T01:56:50.524Z - log: [Package] importer@1.0.0 enable
2022-06-23T01:56:50.683Z - log: [Im-plugin] Check im-plugin version.
2022-06-23T01:56:50.690Z - log: [Package] im-plugin@3.0.8 enable
2022-06-23T01:56:51.609Z - log: [Im-plugin] No online info of im-plugin.
2022-06-23T01:56:54.937Z - verbose: [Scene] Require engine code (0ms)
2022-06-23T01:56:54.937Z - verbose: [Scene] Startup engine (0ms)
2022-06-23T01:56:54.951Z - log: [Scene] Cocos Creator v3.5.0
2022-06-23T01:56:55.224Z - verbose: [Scene] Open engine (287ms)
2022-06-23T01:56:55.224Z - verbose: [Scene] Configure engine (0ms)
2022-06-23T01:56:54.980Z - info: [Scene] Forward render pipeline initialized.
2022-06-23T02:02:12.952Z - error: [Scene] Can't add component 'cc.Canvas' because Canvas already contains the same component.Error: Can't add component 'cc.Canvas' because Canvas already contains the same component.
    at Node._checkMultipleComp (C:\CocosDashboard_1.2.0\resources\.editors\Creator\3.5.0\resources\resources\3d\engine\bin\.cache\dev\editor\bundled\index.js:149893:17)
    at Node.addComponent (C:\CocosDashboard_1.2.0\resources\.editors\Creator\3.5.0\resources\resources\3d\engine\bin\.cache\dev\editor\bundled\index.js:151032:12)
    at NodeManager.createComponent (C:\CocosDashboard_1.2.0\resources\.editors\Creator\3.5.0\resources\app.asar\builtin\scene\dist\script\3d\manager\node\index.ccc:1:9561)
    at GeneralSceneFacade.createComponent (C:\CocosDashboard_1.2.0\resources\.editors\Creator\3.5.0\resources\app.asar\builtin\scene\dist\script\3d\facade\general-scene-facade.ccc:1:9696)
    at SceneFacadeManager.createComponent (C:\CocosDashboard_1.2.0\resources\.editors\Creator\3.5.0\resources\app.asar\builtin\scene\dist\script\3d\facade\scene-facade-manager.ccc:1:16707)
    at step (C:\CocosDashboard_1.2.0\resources\.editors\Creator\3.5.0\resources\app.asar\builtin\scene\dist\script\3d\manager\ipc.ccc:1:704)
    at C:\CocosDashboard_1.2.0\resources\.editors\Creator\3.5.0\resources\app.asar\builtin\scene\dist\script\3d\manager\ipc.ccc:1:1545
    at new Promise (<anonymous>)
    at C:\CocosDashboard_1.2.0\resources\.editors\Creator\3.5.0\resources\app.asar\builtin\scene\dist\script\3d\manager\ipc.ccc:1:1482
    at EventEmitter.<anonymous> (C:\CocosDashboard_1.2.0\resources\.editors\Creator\3.5.0\resources\app.asar\builtin\scene\dist\script\public\ipc\webview.ccc:1:767)
2022-06-23T02:57:44.871Z - log: [Scene] Cannot use 'in' operator to search for 'position' in nullTypeError: Cannot use 'in' operator to search for 'position' in null
    at SceneFacadeManager.queryNodeDump (C:\CocosDashboard_1.2.0\resources\.editors\Creator\3.5.0\resources\app.asar\builtin\scene\dist\script\3d\facade\scene-facade-manager.ccc:1:13690)
2022-06-23T02:57:44.871Z - error: [Window] Cannot use 'in' operator to search for 'position' in nullTypeError: Cannot use 'in' operator to search for 'position' in null
    at <process:scene>
    at SceneFacadeManager.queryNodeDump (C:\CocosDashboard_1.2.0\resources\.editors\Creator\3.5.0\resources\app.asar\builtin\scene\dist\script\3d\facade\scene-facade-manager.ccc:1:13690)
2022-06-23T03:38:27.980Z - warn: [Scene] Set property failed: dcx756K8lBB4ZTjmlxtNYh does not existError: [Scene] Set property failed: dcx756K8lBB4ZTjmlxtNYh does not exist
    at NodeManager.setProperty (C:\CocosDashboard_1.2.0\resources\.editors\Creator\3.5.0\resources\app.asar\builtin\scene\dist\script\3d\manager\node\index.ccc:1:6046)
    at GeneralSceneFacade.setNodeProperty (C:\CocosDashboard_1.2.0\resources\.editors\Creator\3.5.0\resources\app.asar\builtin\scene\dist\script\3d\facade\general-scene-facade.ccc:1:7258)
    at SceneFacadeManager.setNodeProperty (C:\CocosDashboard_1.2.0\resources\.editors\Creator\3.5.0\resources\app.asar\builtin\scene\dist\script\3d\facade\scene-facade-manager.ccc:1:14048)
    at step (C:\CocosDashboard_1.2.0\resources\.editors\Creator\3.5.0\resources\app.asar\builtin\scene\dist\script\3d\manager\ipc.ccc:1:704)
    at C:\CocosDashboard_1.2.0\resources\.editors\Creator\3.5.0\resources\app.asar\builtin\scene\dist\script\3d\manager\ipc.ccc:1:1545
    at new Promise (<anonymous>)
    at C:\CocosDashboard_1.2.0\resources\.editors\Creator\3.5.0\resources\app.asar\builtin\scene\dist\script\3d\manager\ipc.ccc:1:1482
2022-06-23T03:38:28.482Z - warn: [Scene] Set property failed: dcx756K8lBB4ZTjmlxtNYh does not existError: [Scene] Set property failed: dcx756K8lBB4ZTjmlxtNYh does not exist
    at NodeManager.setProperty (C:\CocosDashboard_1.2.0\resources\.editors\Creator\3.5.0\resources\app.asar\builtin\scene\dist\script\3d\manager\node\index.ccc:1:6046)
    at GeneralSceneFacade.setNodeProperty (C:\CocosDashboard_1.2.0\resources\.editors\Creator\3.5.0\resources\app.asar\builtin\scene\dist\script\3d\facade\general-scene-facade.ccc:1:7258)
    at SceneFacadeManager.setNodeProperty (C:\CocosDashboard_1.2.0\resources\.editors\Creator\3.5.0\resources\app.asar\builtin\scene\dist\script\3d\facade\scene-facade-manager.ccc:1:14048)
    at step (C:\CocosDashboard_1.2.0\resources\.editors\Creator\3.5.0\resources\app.asar\builtin\scene\dist\script\3d\manager\ipc.ccc:1:704)
    at C:\CocosDashboard_1.2.0\resources\.editors\Creator\3.5.0\resources\app.asar\builtin\scene\dist\script\3d\manager\ipc.ccc:1:1545
    at new Promise (<anonymous>)
    at C:\CocosDashboard_1.2.0\resources\.editors\Creator\3.5.0\resources\app.asar\builtin\scene\dist\script\3d\manager\ipc.ccc:1:1482
2022-06-23T03:38:28.928Z - warn: [Scene] Set property failed: dcx756K8lBB4ZTjmlxtNYh does not existError: [Scene] Set property failed: dcx756K8lBB4ZTjmlxtNYh does not exist
    at NodeManager.setProperty (C:\CocosDashboard_1.2.0\resources\.editors\Creator\3.5.0\resources\app.asar\builtin\scene\dist\script\3d\manager\node\index.ccc:1:6046)
    at GeneralSceneFacade.setNodeProperty (C:\CocosDashboard_1.2.0\resources\.editors\Creator\3.5.0\resources\app.asar\builtin\scene\dist\script\3d\facade\general-scene-facade.ccc:1:7258)
    at SceneFacadeManager.setNodeProperty (C:\CocosDashboard_1.2.0\resources\.editors\Creator\3.5.0\resources\app.asar\builtin\scene\dist\script\3d\facade\scene-facade-manager.ccc:1:14048)
    at step (C:\CocosDashboard_1.2.0\resources\.editors\Creator\3.5.0\resources\app.asar\builtin\scene\dist\script\3d\manager\ipc.ccc:1:704)
    at C:\CocosDashboard_1.2.0\resources\.editors\Creator\3.5.0\resources\app.asar\builtin\scene\dist\script\3d\manager\ipc.ccc:1:1545
    at new Promise (<anonymous>)
    at C:\CocosDashboard_1.2.0\resources\.editors\Creator\3.5.0\resources\app.asar\builtin\scene\dist\script\3d\manager\ipc.ccc:1:1482
2022-06-23T03:38:29.185Z - warn: [Scene] Set property failed: dcx756K8lBB4ZTjmlxtNYh does not existError: [Scene] Set property failed: dcx756K8lBB4ZTjmlxtNYh does not exist
    at NodeManager.setProperty (C:\CocosDashboard_1.2.0\resources\.editors\Creator\3.5.0\resources\app.asar\builtin\scene\dist\script\3d\manager\node\index.ccc:1:6046)
    at GeneralSceneFacade.setNodeProperty (C:\CocosDashboard_1.2.0\resources\.editors\Creator\3.5.0\resources\app.asar\builtin\scene\dist\script\3d\facade\general-scene-facade.ccc:1:7258)
    at SceneFacadeManager.setNodeProperty (C:\CocosDashboard_1.2.0\resources\.editors\Creator\3.5.0\resources\app.asar\builtin\scene\dist\script\3d\facade\scene-facade-manager.ccc:1:14048)
    at step (C:\CocosDashboard_1.2.0\resources\.editors\Creator\3.5.0\resources\app.asar\builtin\scene\dist\script\3d\manager\ipc.ccc:1:704)
    at C:\CocosDashboard_1.2.0\resources\.editors\Creator\3.5.0\resources\app.asar\builtin\scene\dist\script\3d\manager\ipc.ccc:1:1545
    at new Promise (<anonymous>)
    at C:\CocosDashboard_1.2.0\resources\.editors\Creator\3.5.0\resources\app.asar\builtin\scene\dist\script\3d\manager\ipc.ccc:1:1482
2022-06-23T03:38:31.264Z - warn: [Scene] Set property failed: dcx756K8lBB4ZTjmlxtNYh does not existError: [Scene] Set property failed: dcx756K8lBB4ZTjmlxtNYh does not exist
    at NodeManager.setProperty (C:\CocosDashboard_1.2.0\resources\.editors\Creator\3.5.0\resources\app.asar\builtin\scene\dist\script\3d\manager\node\index.ccc:1:6046)
    at GeneralSceneFacade.setNodeProperty (C:\CocosDashboard_1.2.0\resources\.editors\Creator\3.5.0\resources\app.asar\builtin\scene\dist\script\3d\facade\general-scene-facade.ccc:1:7258)
    at SceneFacadeManager.setNodeProperty (C:\CocosDashboard_1.2.0\resources\.editors\Creator\3.5.0\resources\app.asar\builtin\scene\dist\script\3d\facade\scene-facade-manager.ccc:1:14048)
    at step (C:\CocosDashboard_1.2.0\resources\.editors\Creator\3.5.0\resources\app.asar\builtin\scene\dist\script\3d\manager\ipc.ccc:1:704)
    at C:\CocosDashboard_1.2.0\resources\.editors\Creator\3.5.0\resources\app.asar\builtin\scene\dist\script\3d\manager\ipc.ccc:1:1545
    at new Promise (<anonymous>)
    at C:\CocosDashboard_1.2.0\resources\.editors\Creator\3.5.0\resources\app.asar\builtin\scene\dist\script\3d\manager\ipc.ccc:1:1482
2022-06-23T03:38:31.617Z - warn: [Scene] Set property failed: dcx756K8lBB4ZTjmlxtNYh does not existError: [Scene] Set property failed: dcx756K8lBB4ZTjmlxtNYh does not exist
    at NodeManager.setProperty (C:\CocosDashboard_1.2.0\resources\.editors\Creator\3.5.0\resources\app.asar\builtin\scene\dist\script\3d\manager\node\index.ccc:1:6046)
    at GeneralSceneFacade.setNodeProperty (C:\CocosDashboard_1.2.0\resources\.editors\Creator\3.5.0\resources\app.asar\builtin\scene\dist\script\3d\facade\general-scene-facade.ccc:1:7258)
    at SceneFacadeManager.setNodeProperty (C:\CocosDashboard_1.2.0\resources\.editors\Creator\3.5.0\resources\app.asar\builtin\scene\dist\script\3d\facade\scene-facade-manager.ccc:1:14048)
    at step (C:\CocosDashboard_1.2.0\resources\.editors\Creator\3.5.0\resources\app.asar\builtin\scene\dist\script\3d\manager\ipc.ccc:1:704)
    at C:\CocosDashboard_1.2.0\resources\.editors\Creator\3.5.0\resources\app.asar\builtin\scene\dist\script\3d\manager\ipc.ccc:1:1545
    at new Promise (<anonymous>)
    at C:\CocosDashboard_1.2.0\resources\.editors\Creator\3.5.0\resources\app.asar\builtin\scene\dist\script\3d\manager\ipc.ccc:1:1482
2022-06-23T03:38:31.794Z - warn: [Scene] Set property failed: dcx756K8lBB4ZTjmlxtNYh does not existError: [Scene] Set property failed: dcx756K8lBB4ZTjmlxtNYh does not exist
    at NodeManager.setProperty (C:\CocosDashboard_1.2.0\resources\.editors\Creator\3.5.0\resources\app.asar\builtin\scene\dist\script\3d\manager\node\index.ccc:1:6046)
    at GeneralSceneFacade.setNodeProperty (C:\CocosDashboard_1.2.0\resources\.editors\Creator\3.5.0\resources\app.asar\builtin\scene\dist\script\3d\facade\general-scene-facade.ccc:1:7258)
    at SceneFacadeManager.setNodeProperty (C:\CocosDashboard_1.2.0\resources\.editors\Creator\3.5.0\resources\app.asar\builtin\scene\dist\script\3d\facade\scene-facade-manager.ccc:1:14048)
    at step (C:\CocosDashboard_1.2.0\resources\.editors\Creator\3.5.0\resources\app.asar\builtin\scene\dist\script\3d\manager\ipc.ccc:1:704)
    at C:\CocosDashboard_1.2.0\resources\.editors\Creator\3.5.0\resources\app.asar\builtin\scene\dist\script\3d\manager\ipc.ccc:1:1545
    at new Promise (<anonymous>)
    at C:\CocosDashboard_1.2.0\resources\.editors\Creator\3.5.0\resources\app.asar\builtin\scene\dist\script\3d\manager\ipc.ccc:1:1482
2022-06-23T03:38:31.993Z - warn: [Scene] Set property failed: dcx756K8lBB4ZTjmlxtNYh does not existError: [Scene] Set property failed: dcx756K8lBB4ZTjmlxtNYh does not exist
    at NodeManager.setProperty (C:\CocosDashboard_1.2.0\resources\.editors\Creator\3.5.0\resources\app.asar\builtin\scene\dist\script\3d\manager\node\index.ccc:1:6046)
    at GeneralSceneFacade.setNodeProperty (C:\CocosDashboard_1.2.0\resources\.editors\Creator\3.5.0\resources\app.asar\builtin\scene\dist\script\3d\facade\general-scene-facade.ccc:1:7258)
    at SceneFacadeManager.setNodeProperty (C:\CocosDashboard_1.2.0\resources\.editors\Creator\3.5.0\resources\app.asar\builtin\scene\dist\script\3d\facade\scene-facade-manager.ccc:1:14048)
    at step (C:\CocosDashboard_1.2.0\resources\.editors\Creator\3.5.0\resources\app.asar\builtin\scene\dist\script\3d\manager\ipc.ccc:1:704)
    at C:\CocosDashboard_1.2.0\resources\.editors\Creator\3.5.0\resources\app.asar\builtin\scene\dist\script\3d\manager\ipc.ccc:1:1545
    at new Promise (<anonymous>)
    at C:\CocosDashboard_1.2.0\resources\.editors\Creator\3.5.0\resources\app.asar\builtin\scene\dist\script\3d\manager\ipc.ccc:1:1482
2022-06-23T03:38:32.171Z - warn: [Scene] Set property failed: dcx756K8lBB4ZTjmlxtNYh does not existError: [Scene] Set property failed: dcx756K8lBB4ZTjmlxtNYh does not exist
    at NodeManager.setProperty (C:\CocosDashboard_1.2.0\resources\.editors\Creator\3.5.0\resources\app.asar\builtin\scene\dist\script\3d\manager\node\index.ccc:1:6046)
    at GeneralSceneFacade.setNodeProperty (C:\CocosDashboard_1.2.0\resources\.editors\Creator\3.5.0\resources\app.asar\builtin\scene\dist\script\3d\facade\general-scene-facade.ccc:1:7258)
    at SceneFacadeManager.setNodeProperty (C:\CocosDashboard_1.2.0\resources\.editors\Creator\3.5.0\resources\app.asar\builtin\scene\dist\script\3d\facade\scene-facade-manager.ccc:1:14048)
    at step (C:\CocosDashboard_1.2.0\resources\.editors\Creator\3.5.0\resources\app.asar\builtin\scene\dist\script\3d\manager\ipc.ccc:1:704)
    at C:\CocosDashboard_1.2.0\resources\.editors\Creator\3.5.0\resources\app.asar\builtin\scene\dist\script\3d\manager\ipc.ccc:1:1545
    at new Promise (<anonymous>)
    at C:\CocosDashboard_1.2.0\resources\.editors\Creator\3.5.0\resources\app.asar\builtin\scene\dist\script\3d\manager\ipc.ccc:1:1482
2022-06-23T03:38:32.332Z - warn: [Scene] Set property failed: dcx756K8lBB4ZTjmlxtNYh does not existError: [Scene] Set property failed: dcx756K8lBB4ZTjmlxtNYh does not exist
    at NodeManager.setProperty (C:\CocosDashboard_1.2.0\resources\.editors\Creator\3.5.0\resources\app.asar\builtin\scene\dist\script\3d\manager\node\index.ccc:1:6046)
    at GeneralSceneFacade.setNodeProperty (C:\CocosDashboard_1.2.0\resources\.editors\Creator\3.5.0\resources\app.asar\builtin\scene\dist\script\3d\facade\general-scene-facade.ccc:1:7258)
    at SceneFacadeManager.setNodeProperty (C:\CocosDashboard_1.2.0\resources\.editors\Creator\3.5.0\resources\app.asar\builtin\scene\dist\script\3d\facade\scene-facade-manager.ccc:1:14048)
    at step (C:\CocosDashboard_1.2.0\resources\.editors\Creator\3.5.0\resources\app.asar\builtin\scene\dist\script\3d\manager\ipc.ccc:1:704)
    at C:\CocosDashboard_1.2.0\resources\.editors\Creator\3.5.0\resources\app.asar\builtin\scene\dist\script\3d\manager\ipc.ccc:1:1545
    at new Promise (<anonymous>)
    at C:\CocosDashboard_1.2.0\resources\.editors\Creator\3.5.0\resources\app.asar\builtin\scene\dist\script\3d\manager\ipc.ccc:1:1482
2022-06-23T10:56:03.470Z - error: [Preview]Uncaught TypeError: Cannot read properties of null (reading 'getComponent') in http://localhost:7459/scripting/x/chunks/a2/a2b8f06b9297f461a8667f6f2101c6a44f433003.js
2022-06-23T11:03:16.359Z - error: [Preview]Uncaught TypeError: Cannot read properties of null (reading 'getComponent') in http://localhost:7459/scripting/x/chunks/a2/a2b8f06b9297f461a8667f6f2101c6a44f433003.js
2022-06-23T11:05:07.914Z - error: [Preview]Uncaught TypeError: Cannot read properties of null (reading 'getComponent') in http://localhost:7459/scripting/x/chunks/45/4578957b4a92367aa2e5d99f1e25770e7d4052c9.js
2022-06-23T11:05:39.150Z - error: [Preview]Uncaught TypeError: Cannot read properties of null (reading 'getComponent') in http://localhost:7459/scripting/x/chunks/d2/d216e9a186dccded4289fbcee6c52eb891673d1a.js
2022-06-23T11:06:18.019Z - error: [Preview]Uncaught TypeError: Cannot read properties of null (reading 'getComponent') in http://localhost:7459/scripting/x/chunks/d4/d4f61fb24fe51e18c9ec685788a043bf74ffb10e.js
2022-06-23T11:06:24.843Z - error: [Preview]Uncaught TypeError: Cannot read properties of null (reading 'getComponent') in http://localhost:7459/scripting/x/chunks/d4/d4f61fb24fe51e18c9ec685788a043bf74ffb10e.js
2022-06-23T11:07:21.272Z - warn: Metrics: no valid info
2022-06-23T11:07:21.562Z - error: Cannot read property 'webContents' of nullTypeError: Cannot read property 'webContents' of null
    at Object.sendToWin (C:\CocosDashboard_1.2.0\resources\.editors\Creator\3.5.0\resources\app.asar\node_modules\@base\electron-base-ipc\dist\browser.ccc:1:1611)
    at Object.sendToWin (C:\CocosDashboard_1.2.0\resources\.editors\Creator\3.5.0\resources\app.asar\node_modules\@base\electron-base-ipc\dist\index.js:1:355)
    at C:\CocosDashboard_1.2.0\resources\.editors\Creator\3.5.0\resources\app.asar\node_modules\@base\electron-worker\lib\browser.ccc:1:1353
    at new Promise (<anonymous>)
    at Worker.send (C:\CocosDashboard_1.2.0\resources\.editors\Creator\3.5.0\resources\app.asar\node_modules\@base\electron-worker\lib\browser.ccc:1:1329)
    at ProgrammingWorker.request (C:\CocosDashboard_1.2.0\resources\.editors\Creator\3.5.0\resources\app.asar\builtin\programming\dist\worker\browser.ccc:1:672)
    at Package.<anonymous> (C:\CocosDashboard_1.2.0\resources\.editors\Creator\3.5.0\resources\app.asar\builtin\programming\dist\worker\browser.ccc:1:1508)
    at Package.exec (C:\CocosDashboard_1.2.0\resources\.editors\Creator\3.5.0\resources\app.asar\node_modules\@editor\package\dist\browser\package.ccc:1:4126)
    at C:\CocosDashboard_1.2.0\resources\.editors\Creator\3.5.0\resources\app.asar\node_modules\@editor\package\dist\browser\index.js:1:2922
    at C:\CocosDashboard_1.2.0\resources\.editors\Creator\3.5.0\resources\app.asar\node_modules\@base\electron-base-ipc\dist\sender.ccc:1:1789
2022-06-23T11:07:21.563Z - error: Cannot read property 'webContents' of nullTypeError: Cannot read property 'webContents' of null
    at Object.sendToWin (C:\CocosDashboard_1.2.0\resources\.editors\Creator\3.5.0\resources\app.asar\node_modules\@base\electron-base-ipc\dist\browser.ccc:1:1611)
    at Object.sendToWin (C:\CocosDashboard_1.2.0\resources\.editors\Creator\3.5.0\resources\app.asar\node_modules\@base\electron-base-ipc\dist\index.js:1:355)
    at C:\CocosDashboard_1.2.0\resources\.editors\Creator\3.5.0\resources\app.asar\node_modules\@base\electron-worker\lib\browser.ccc:1:1353
    at new Promise (<anonymous>)
    at Worker.send (C:\CocosDashboard_1.2.0\resources\.editors\Creator\3.5.0\resources\app.asar\node_modules\@base\electron-worker\lib\browser.ccc:1:1329)
    at ProgrammingWorker.request (C:\CocosDashboard_1.2.0\resources\.editors\Creator\3.5.0\resources\app.asar\builtin\programming\dist\worker\browser.ccc:1:672)
    at Package.<anonymous> (C:\CocosDashboard_1.2.0\resources\.editors\Creator\3.5.0\resources\app.asar\builtin\programming\dist\worker\browser.ccc:1:1508)
    at Package.exec (C:\CocosDashboard_1.2.0\resources\.editors\Creator\3.5.0\resources\app.asar\node_modules\@editor\package\dist\browser\package.ccc:1:4126)
    at C:\CocosDashboard_1.2.0\resources\.editors\Creator\3.5.0\resources\app.asar\node_modules\@editor\package\dist\browser\index.js:1:2922
    at C:\CocosDashboard_1.2.0\resources\.editors\Creator\3.5.0\resources\app.asar\node_modules\@base\electron-base-ipc\dist\sender.ccc:1:1789
2022-06-24T00:59:47.236Z - log: [Package] menu@1.0.0 enable
2022-06-24T00:59:47.238Z - log: [Package] profile@1.0.0 enable
2022-06-24T00:59:47.245Z - log: [Package] project@1.0.2 enable
2022-06-24T00:59:47.248Z - log: [Package] messages@1.0.0 enable
2022-06-24T00:59:47.253Z - log: [Package] program@1.0.0 enable
2022-06-24T00:59:47.256Z - log: [Package] tester@1.0.0 enable
2022-06-24T00:59:47.259Z - log: [Package] preferences@1.0.0 enable
2022-06-24T00:59:47.842Z - log: Setup mods mgr.: 370.815ms
2022-06-24T00:59:47.847Z - log: Profile changed: engine (modules.includeModules: 2d,animation,audio,base,dragon-bones,gfx-webgl,gfx-webgl2,intersection-2d,marionette,particle,particle-2d,physics-2d-box2d,physics-ammo,primitive,profiler,skeletal-animation,spine,terrain,tiled-map,tween,ui,video,webview)
2022-06-24T00:59:47.851Z - verbose: [Engine] QuickCompile engine (558ms)
2022-06-24T00:59:47.853Z - log: [Package] engine@1.0.6 enable
2022-06-24T00:59:48.441Z - log: [Package] programming@1.0.0 enable
2022-06-24T00:59:48.810Z - log: [Package] device@1.0.1 enable
2022-06-24T00:59:48.836Z - log: [Package] ui-kit@1.0.1 enable
2022-06-24T00:59:48.862Z - log: [Package] engine-extends@1.0.0 enable
2022-06-24T00:59:48.917Z - log: [Package] asset-db@1.0.0 enable
2022-06-24T00:59:48.947Z - log: [Package] scene@1.0.0 enable
2022-06-24T00:59:49.064Z - log: [Package] server@1.0.0 enable
2022-06-24T00:59:49.107Z - log: [Package] utils@1.0.0 enable
2022-06-24T00:59:51.286Z - log: [Package] preview@1.0.1 enable
2022-06-24T00:59:51.320Z - log: [Package] animator@1.0.0 enable
2022-06-24T00:59:51.958Z - log: [Package] builder@1.3.2 enable
2022-06-24T00:59:51.986Z - log: [Package] shortcuts@1.0.1 enable
2022-06-24T00:59:52.013Z - log: [Package] animation-graph@1.0.0 enable
2022-06-24T00:59:52.040Z - log: [Package] runtime-dev-tools@1.0.0 enable
2022-06-24T00:59:52.061Z - log: [Package] channel-upload-tools@1.0.0 enable
2022-06-24T00:59:52.092Z - log: [Package] about@1.0.0 enable
2022-06-24T00:59:52.126Z - log: [Package] assets@1.0.0 enable
2022-06-24T00:59:52.152Z - log: [Package] console@1.0.0 enable
2022-06-24T00:59:52.271Z - log: [Package] extension@3.0.16 enable
2022-06-24T00:59:52.310Z - log: [Package] hierarchy@1.0.0 enable
2022-06-24T00:59:52.342Z - log: [Package] inspector@1.0.0 enable
2022-06-24T00:59:52.372Z - log: [Package] lightmap@1.0.4 enable
2022-06-24T00:59:52.416Z - log: [Package] node-library@1.0.1 enable
2022-06-24T00:59:52.438Z - log: [Package] package-asset@1.0.0 enable
2022-06-24T00:59:52.469Z - log: [Package] process@1.0.0 enable
2022-06-24T00:59:52.501Z - log: [Package] reference-image@1.0.0 enable
2022-06-24T00:59:52.527Z - log: [Package] alipay-mini-game@1.0.0 enable
2022-06-24T00:59:52.549Z - log: [Package] android@1.0.0 enable
2022-06-24T00:59:52.574Z - log: [Package] baidu-mini-game@1.0.0 enable
2022-06-24T00:59:52.607Z - log: [Package] bytedance-mini-game@1.0.1 enable
2022-06-24T00:59:52.639Z - log: [Package] cocos-play@1.0.0 enable
2022-06-24T00:59:52.671Z - log: [Package] huawei-agc@1.0.0 enable
2022-06-24T00:59:52.702Z - log: [Package] huawei-quick-game@1.0.0 enable
2022-06-24T00:59:52.736Z - log: [Package] ios@1.0.0 enable
2022-06-24T00:59:52.765Z - log: [Package] ios-app-clip@1.0.0 enable
2022-06-24T00:59:52.796Z - log: [Package] link-sure@1.0.0 enable
2022-06-24T00:59:52.827Z - log: [Package] linux@1.0.0 enable
2022-06-24T00:59:52.860Z - log: [Package] mac@1.0.0 enable
2022-06-24T00:59:52.941Z - log: [Package] native@1.0.0 enable
2022-06-24T00:59:52.971Z - log: [Package] ohos@1.0.0 enable
2022-06-24T00:59:52.993Z - log: [Package] open-harmonyos@1.0.0 enable
2022-06-24T00:59:53.018Z - log: [Package] oppo-mini-game@1.0.0 enable
2022-06-24T00:59:53.050Z - log: [Package] qtt@1.0.0 enable
2022-06-24T00:59:53.082Z - log: [Package] vivo-mini-game@1.0.0 enable
2022-06-24T00:59:53.121Z - log: [Package] web-desktop@1.0.0 enable
2022-06-24T00:59:53.153Z - log: [Package] web-mobile@1.0.0 enable
2022-06-24T00:59:53.183Z - log: [Package] wechatgame@1.0.1 enable
2022-06-24T00:59:53.215Z - log: [Package] windows@1.0.0 enable
2022-06-24T00:59:53.237Z - log: [Package] xiaomi-quick-game@1.0.0 enable
2022-06-24T00:59:53.420Z - log: [Package] cocos-service@3.0.3 enable
2022-06-24T00:59:53.456Z - log: [Package] importer@1.0.0 enable
2022-06-24T00:59:53.640Z - log: [Im-plugin] Check im-plugin version.
2022-06-24T00:59:53.646Z - log: [Package] im-plugin@3.0.8 enable
2022-06-24T00:59:53.733Z - verbose: [AssetDB] Require engine code (2103ms)
2022-06-24T00:59:54.563Z - log: [Im-plugin] No online info of im-plugin.
2022-06-24T00:59:56.855Z - verbose: [Scene] Require engine code (1ms)
2022-06-24T00:59:56.856Z - verbose: [Scene] Startup engine (0ms)
2022-06-24T00:59:56.873Z - log: [Scene] Cocos Creator v3.5.0
2022-06-24T00:59:57.174Z - verbose: [Scene] Open engine (318ms)
2022-06-24T00:59:57.175Z - verbose: [Scene] Configure engine (0ms)
2022-06-24T00:59:56.937Z - info: [Scene] Forward render pipeline initialized.
2022-06-24T02:01:12.058Z - error: [Preview]Uncaught TypeError: Cannot read properties of null (reading 'getComponent') in http://localhost:7456/scripting/x/chunks/d4/d4f61fb24fe51e18c9ec685788a043bf74ffb10e.js
2022-06-24T02:02:08.930Z - error: [Preview]Uncaught TypeError: Cannot read properties of null (reading 'getComponent') in http://localhost:7456/scripting/x/chunks/c4/c4bfa3162f9aa8d8e4ddcdd99d7e84dbd2970dec.js
2022-06-24T02:03:05.006Z - error: [Preview]Uncaught TypeError: Cannot read properties of null (reading 'getComponent') in http://localhost:7456/scripting/x/chunks/c4/c4bfa3162f9aa8d8e4ddcdd99d7e84dbd2970dec.js
2022-06-24T02:04:03.939Z - error: [Preview]Uncaught TypeError: Cannot read properties of null (reading 'getComponent') in http://localhost:7456/scripting/x/chunks/c4/c4bfa3162f9aa8d8e4ddcdd99d7e84dbd2970dec.js
2022-06-24T02:04:29.905Z - error: [Preview]Uncaught TypeError: Cannot read properties of null (reading 'getComponent') in http://localhost:7456/scripting/x/chunks/d2/d28c099671bd1de4781f1bc9601569e6445271e9.js
2022-06-24T02:08:41.242Z - error: [Preview]Uncaught TypeError: Cannot read properties of null (reading 'getComponent') in http://localhost:7456/scripting/x/chunks/52/521e5948ecbf897f876a923fb335cef424b64dfd.js
2022-06-24T02:09:35.361Z - error: [Preview]Uncaught TypeError: Cannot read properties of null (reading 'getComponent') in http://localhost:7456/scripting/x/chunks/f9/f999cb74bb1a0b71b7cae36ff492db809cbadd90.js
2022-06-24T02:10:03.366Z - error: [Preview]Uncaught TypeError: Cannot read properties of null (reading 'getComponent') in http://localhost:7456/scripting/x/chunks/f9/f999cb74bb1a0b71b7cae36ff492db809cbadd90.js
2022-06-24T02:11:12.754Z - error: [Preview]Uncaught TypeError: Cannot read properties of null (reading 'getComponent') in http://localhost:7456/scripting/x/chunks/f9/f999cb74bb1a0b71b7cae36ff492db809cbadd90.js
2022-06-24T02:11:49.514Z - error: [Preview]Uncaught TypeError: Cannot read properties of null (reading 'getComponent') in http://localhost:7456/scripting/x/chunks/d4/d4f61fb24fe51e18c9ec685788a043bf74ffb10e.js
2022-06-24T02:13:26.632Z - error: [Preview]Uncaught TypeError: Cannot read properties of null (reading 'getComponent') in http://localhost:7456/scripting/x/chunks/52/52ae86820a4d14c0c0004343bc91bfcfb8ead9a9.js
2022-06-24T04:01:50.212Z - error: [Preview]Uncaught TypeError: Cannot read properties of null (reading 'getComponent') in http://localhost:7456/scripting/x/chunks/4a/4a3baca9ddbad3b822d6fa1ec69b11625bb68f1e.js
2022-06-24T06:54:50.255Z - error: [Preview]Uncaught TypeError: Cannot read properties of null (reading 'name') in http://localhost:7456/scripting/x/chunks/fd/fd6fb725e9487877247d7a3a8926b8fb19bda322.js
2022-06-24T06:55:10.571Z - error: [Preview]Uncaught TypeError: Cannot read properties of null (reading 'name') in http://localhost:7456/scripting/x/chunks/fd/fd6fb725e9487877247d7a3a8926b8fb19bda322.js
2022-06-24T06:55:48.885Z - error: [Preview]Uncaught TypeError: Cannot read properties of null (reading 'name') in http://localhost:7456/scripting/x/chunks/2c/2c11a9c05ceaa07b3397812be4572aa0767cee47.js
2022-06-24T06:56:42.197Z - error: [Preview]Uncaught TypeError: Cannot read properties of null (reading 'getComponent') in http://localhost:7456/scripting/x/chunks/48/4834c142b68fa56007d72c33a5b3346a6361d16a.js
2022-06-24T06:58:03.772Z - error: [Preview]Uncaught TypeError: Cannot read properties of null (reading 'getComponent') in http://localhost:7456/scripting/x/chunks/26/26c42c67f9bac2a7f57b1a604f77907b5cfc7173.js
2022-06-24T06:58:24.599Z - error: [Preview]Uncaught TypeError: Cannot read properties of null (reading 'getComponent') in http://localhost:7456/scripting/x/chunks/48/4834c142b68fa56007d72c33a5b3346a6361d16a.js
2022-06-24T06:59:14.052Z - error: [Preview]Uncaught TypeError: Cannot read properties of null (reading 'getComponent') in http://localhost:7456/scripting/x/chunks/94/94ff21fc5ed377acb4f58ee10658ede5adc4f632.js
2022-06-24T07:00:27.734Z - error: [Preview]Uncaught TypeError: Cannot read properties of null (reading 'getComponent') in http://localhost:7456/scripting/x/chunks/94/94ff21fc5ed377acb4f58ee10658ede5adc4f632.js
2022-06-24T07:01:23.157Z - error: [Preview]Uncaught TypeError: Cannot read properties of null (reading 'getComponent') in http://localhost:7456/scripting/x/chunks/94/94ff21fc5ed377acb4f58ee10658ede5adc4f632.js
2022-06-24T07:01:41.865Z - error: [Preview]Uncaught TypeError: Cannot read properties of null (reading 'getComponent') in http://localhost:7456/scripting/x/chunks/48/4834c142b68fa56007d72c33a5b3346a6361d16a.js
2022-06-24T07:06:35.272Z - error: [Preview]Uncaught TypeError: Cannot read properties of null (reading 'getComponent') in http://localhost:7456/scripting/x/chunks/9d/9d5ffa486d8864c868d5677e9ddef4f64c74060a.js
2022-06-24T07:08:50.141Z - error: [Preview]Uncaught TypeError: Cannot read properties of null (reading 'getComponent') in http://localhost:7456/scripting/x/chunks/fb/fb2cfb8f4d1a85fc068c10bef220f401391d832f.js
2022-06-24T07:19:37.321Z - error: [Window] Cannot use 'in' operator to search for 'position' in nullTypeError: Cannot use 'in' operator to search for 'position' in null
    at <process:scene>
    at SceneFacadeManager.queryNodeDump (C:\CocosDashboard_1.2.0\resources\.editors\Creator\3.5.0\resources\app.asar\builtin\scene\dist\script\3d\facade\scene-facade-manager.ccc:1:13690)
2022-06-24T07:19:37.319Z - log: [Scene] Cannot use 'in' operator to search for 'position' in nullTypeError: Cannot use 'in' operator to search for 'position' in null
    at SceneFacadeManager.queryNodeDump (C:\CocosDashboard_1.2.0\resources\.editors\Creator\3.5.0\resources\app.asar\builtin\scene\dist\script\3d\facade\scene-facade-manager.ccc:1:13690)
2022-06-24T07:20:05.119Z - error: [Preview]Uncaught TypeError: Cannot read properties of null (reading 'getComponent') in http://localhost:7456/scripting/x/chunks/a9/a95899e61620e6739cc08d8869f411f915f45f7a.js
2022-06-24T07:20:31.186Z - error: [Preview]Uncaught TypeError: Cannot read properties of null (reading 'spriteFrame') in http://localhost:7456/scripting/x/chunks/77/772441a48e25c09ef465276c8d53b7cdd7d563dd.js
2022-06-24T07:24:45.081Z - error: [Preview]Uncaught TypeError: Cannot read properties of null (reading 'getComponent') in http://localhost:7456/scripting/x/chunks/60/60955a3c203986aed1b1a26f79b39b69556e0726.js
2022-06-25T02:37:22.348Z - log: [Package] menu@1.0.0 enable
2022-06-25T02:37:22.349Z - log: [Package] profile@1.0.0 enable
2022-06-25T02:37:22.356Z - log: [Package] project@1.0.2 enable
2022-06-25T02:37:22.359Z - log: [Package] messages@1.0.0 enable
2022-06-25T02:37:22.363Z - log: [Package] program@1.0.0 enable
2022-06-25T02:37:22.366Z - log: [Package] tester@1.0.0 enable
2022-06-25T02:37:22.369Z - log: [Package] preferences@1.0.0 enable
2022-06-25T02:37:22.700Z - log: Setup mods mgr.: 188.901ms
2022-06-25T02:37:22.701Z - log: Profile changed: engine (modules.includeModules: 2d,animation,audio,base,dragon-bones,gfx-webgl,gfx-webgl2,intersection-2d,marionette,particle,particle-2d,physics-2d-box2d,physics-ammo,primitive,profiler,skeletal-animation,spine,terrain,tiled-map,tween,ui,video,webview)
2022-06-25T02:37:22.705Z - verbose: [Engine] QuickCompile engine (311ms)
2022-06-25T02:37:22.707Z - log: [Package] engine@1.0.6 enable
2022-06-25T02:37:23.311Z - log: [Package] programming@1.0.0 enable
2022-06-25T02:37:23.651Z - log: [Package] device@1.0.1 enable
2022-06-25T02:37:23.685Z - log: [Package] ui-kit@1.0.1 enable
2022-06-25T02:37:23.715Z - log: [Package] engine-extends@1.0.0 enable
2022-06-25T02:37:23.767Z - log: [Package] asset-db@1.0.0 enable
2022-06-25T02:37:23.797Z - log: [Package] scene@1.0.0 enable
2022-06-25T02:37:23.886Z - log: [Package] server@1.0.0 enable
2022-06-25T02:37:23.913Z - log: [Package] utils@1.0.0 enable
2022-06-25T02:37:25.646Z - log: [Package] preview@1.0.1 enable
2022-06-25T02:37:25.673Z - log: [Package] animator@1.0.0 enable
2022-06-25T02:37:26.295Z - log: [Package] builder@1.3.2 enable
2022-06-25T02:37:26.322Z - log: [Package] shortcuts@1.0.1 enable
2022-06-25T02:37:26.347Z - log: [Package] animation-graph@1.0.0 enable
2022-06-25T02:37:26.369Z - log: [Package] runtime-dev-tools@1.0.0 enable
2022-06-25T02:37:26.391Z - log: [Package] channel-upload-tools@1.0.0 enable
2022-06-25T02:37:26.425Z - log: [Package] about@1.0.0 enable
2022-06-25T02:37:26.457Z - log: [Package] assets@1.0.0 enable
2022-06-25T02:37:26.486Z - log: [Package] console@1.0.0 enable
2022-06-25T02:37:26.582Z - log: [Package] extension@3.0.16 enable
2022-06-25T02:37:26.621Z - log: [Package] hierarchy@1.0.0 enable
2022-06-25T02:37:26.653Z - log: [Package] inspector@1.0.0 enable
2022-06-25T02:37:26.680Z - log: [Package] lightmap@1.0.4 enable
2022-06-25T02:37:26.717Z - log: [Package] node-library@1.0.1 enable
2022-06-25T02:37:26.744Z - log: [Package] package-asset@1.0.0 enable
2022-06-25T02:37:26.770Z - log: [Package] process@1.0.0 enable
2022-06-25T02:37:26.779Z - verbose: [AssetDB] Require engine code (821ms)
2022-06-25T02:37:26.798Z - log: [Package] reference-image@1.0.0 enable
2022-06-25T02:37:26.820Z - log: [Package] alipay-mini-game@1.0.0 enable
2022-06-25T02:37:26.842Z - log: [Package] android@1.0.0 enable
2022-06-25T02:37:26.865Z - log: [Package] baidu-mini-game@1.0.0 enable
2022-06-25T02:37:26.896Z - log: [Package] bytedance-mini-game@1.0.1 enable
2022-06-25T02:37:26.928Z - log: [Package] cocos-play@1.0.0 enable
2022-06-25T02:37:26.960Z - log: [Package] huawei-agc@1.0.0 enable
2022-06-25T02:37:26.991Z - log: [Package] huawei-quick-game@1.0.0 enable
2022-06-25T02:37:27.025Z - log: [Package] ios@1.0.0 enable
2022-06-25T02:37:27.053Z - log: [Package] ios-app-clip@1.0.0 enable
2022-06-25T02:37:27.076Z - log: [Package] link-sure@1.0.0 enable
2022-06-25T02:37:27.099Z - log: [Package] linux@1.0.0 enable
2022-06-25T02:37:27.120Z - log: [Package] mac@1.0.0 enable
2022-06-25T02:37:27.186Z - log: [Package] native@1.0.0 enable
2022-06-25T02:37:27.213Z - log: [Package] ohos@1.0.0 enable
2022-06-25T02:37:27.244Z - log: [Package] open-harmonyos@1.0.0 enable
2022-06-25T02:37:27.276Z - log: [Package] oppo-mini-game@1.0.0 enable
2022-06-25T02:37:27.308Z - log: [Package] qtt@1.0.0 enable
2022-06-25T02:37:27.340Z - log: [Package] vivo-mini-game@1.0.0 enable
2022-06-25T02:37:27.377Z - log: [Package] web-desktop@1.0.0 enable
2022-06-25T02:37:27.408Z - log: [Package] web-mobile@1.0.0 enable
2022-06-25T02:37:27.436Z - log: [Package] wechatgame@1.0.1 enable
2022-06-25T02:37:27.466Z - log: [Package] windows@1.0.0 enable
2022-06-25T02:37:27.488Z - log: [Package] xiaomi-quick-game@1.0.0 enable
2022-06-25T02:37:27.625Z - log: [Package] cocos-service@3.0.3 enable
2022-06-25T02:37:27.660Z - log: [Package] importer@1.0.0 enable
2022-06-25T02:37:27.799Z - log: [Im-plugin] Check im-plugin version.
2022-06-25T02:37:27.804Z - log: [Package] im-plugin@3.0.8 enable
2022-06-25T02:37:28.700Z - log: [Im-plugin] No online info of im-plugin.
2022-06-25T02:37:34.566Z - verbose: [Scene] Require engine code (0ms)
2022-06-25T02:37:34.566Z - verbose: [Scene] Startup engine (0ms)
2022-06-25T02:37:34.579Z - log: [Scene] Cocos Creator v3.5.0
2022-06-25T02:37:34.991Z - verbose: [Scene] Open engine (424ms)
2022-06-25T02:37:34.991Z - verbose: [Scene] Configure engine (0ms)
2022-06-25T02:37:34.757Z - info: [Scene] Forward render pipeline initialized.
2022-06-25T03:04:39.851Z - error: [Preview]Uncaught TypeError: Cannot read properties of null (reading 'getComponent') in http://localhost:7456/scripting/x/chunks/55/550adf81f78aa73068125ce2953016688c221fa9.js
2022-06-25T03:05:48.264Z - error: [Preview]Uncaught TypeError: Cannot set properties of null (setting 'clip') in http://localhost:7456/scripting/x/chunks/55/550adf81f78aa73068125ce2953016688c221fa9.js
2022-06-25T03:06:47.803Z - error: [Preview]Uncaught TypeError: Cannot set properties of null (setting 'clip') in http://localhost:7456/scripting/x/chunks/55/550adf81f78aa73068125ce2953016688c221fa9.js
2022-06-25T03:38:16.383Z - error: [Preview]unhandledrejection: Cannot read properties of null (reading 'getComponent')
2022-06-25T03:38:16.384Z - error: [Preview]TypeError: Cannot read properties of null (reading 'getComponent')
    at Game1_4.setImage (http://localhost:7456/scripting/x/chunks/f3/f3152dfa4ac7d0c71730e7acdedd1ae6af7deaf7.js:188:41)
    at http://localhost:7456/scripting/x/chunks/f3/f3152dfa4ac7d0c71730e7acdedd1ae6af7deaf7.js:131:22
2022-06-25T04:04:26.645Z - error: [Preview]Uncaught TypeError: Cannot read properties of null (reading 'getComponent') in http://localhost:7456/scripting/x/chunks/9d/9d10ed71daa737772d03fbeae9de48bcf22e304d.js
2022-06-25T04:06:55.328Z - error: [Preview]Uncaught TypeError: Cannot read properties of null (reading 'getComponent') in http://localhost:7456/scripting/x/chunks/f2/f21c14f4131f6d114ca3c0a9216ff3806ae716c6.js
2022-06-25T04:08:26.473Z - error: [Preview]Uncaught TypeError: Cannot set properties of null (setting 'clip') in http://localhost:7456/scripting/x/chunks/21/2154619e58b8632e698afd42f373d65bee5d4bd0.js
2022-06-25T04:13:14.562Z - warn: Metrics: no valid info
2022-06-25T04:13:28.291Z - log: [Package] menu@1.0.0 enable
2022-06-25T04:13:28.293Z - log: [Package] profile@1.0.0 enable
2022-06-25T04:13:28.299Z - log: [Package] project@1.0.2 enable
2022-06-25T04:13:28.302Z - log: [Package] messages@1.0.0 enable
2022-06-25T04:13:28.303Z - log: [Package] program@1.0.0 enable
2022-06-25T04:13:28.307Z - log: [Package] tester@1.0.0 enable
2022-06-25T04:13:28.310Z - log: [Package] preferences@1.0.0 enable
2022-06-25T04:13:28.643Z - log: Setup mods mgr.: 186.725ms
2022-06-25T04:13:28.645Z - log: Profile changed: engine (modules.includeModules: 2d,animation,audio,base,dragon-bones,gfx-webgl,gfx-webgl2,intersection-2d,marionette,particle,particle-2d,physics-2d-box2d,physics-ammo,primitive,profiler,skeletal-animation,spine,terrain,tiled-map,tween,ui,video,webview)
2022-06-25T04:13:28.648Z - verbose: [Engine] QuickCompile engine (312ms)
2022-06-25T04:13:28.650Z - log: [Package] engine@1.0.6 enable
2022-06-25T04:13:29.245Z - log: [Package] programming@1.0.0 enable
2022-06-25T04:13:29.547Z - log: [Package] device@1.0.1 enable
2022-06-25T04:13:29.579Z - log: [Package] ui-kit@1.0.1 enable
2022-06-25T04:13:29.607Z - log: [Package] engine-extends@1.0.0 enable
2022-06-25T04:13:29.658Z - log: [Package] asset-db@1.0.0 enable
2022-06-25T04:13:29.689Z - log: [Package] scene@1.0.0 enable
2022-06-25T04:13:29.778Z - log: [Package] server@1.0.0 enable
2022-06-25T04:13:29.804Z - log: [Package] utils@1.0.0 enable
2022-06-25T04:13:31.516Z - log: [Package] preview@1.0.1 enable
2022-06-25T04:13:31.545Z - log: [Package] animator@1.0.0 enable
2022-06-25T04:13:32.186Z - log: [Package] builder@1.3.2 enable
2022-06-25T04:13:32.213Z - log: [Package] shortcuts@1.0.1 enable
2022-06-25T04:13:32.239Z - log: [Package] animation-graph@1.0.0 enable
2022-06-25T04:13:32.261Z - log: [Package] runtime-dev-tools@1.0.0 enable
2022-06-25T04:13:32.283Z - log: [Package] channel-upload-tools@1.0.0 enable
2022-06-25T04:13:32.320Z - log: [Package] about@1.0.0 enable
2022-06-25T04:13:32.352Z - log: [Package] assets@1.0.0 enable
2022-06-25T04:13:32.377Z - log: [Package] console@1.0.0 enable
2022-06-25T04:13:32.483Z - log: [Package] extension@3.0.16 enable
2022-06-25T04:13:32.510Z - log: [Package] hierarchy@1.0.0 enable
2022-06-25T04:13:32.547Z - log: [Package] inspector@1.0.0 enable
2022-06-25T04:13:32.575Z - log: [Package] lightmap@1.0.4 enable
2022-06-25T04:13:32.613Z - log: [Package] node-library@1.0.1 enable
2022-06-25T04:13:32.635Z - log: [Package] package-asset@1.0.0 enable
2022-06-25T04:13:32.662Z - log: [Package] process@1.0.0 enable
2022-06-25T04:13:32.703Z - log: [Package] reference-image@1.0.0 enable
2022-06-25T04:13:32.724Z - verbose: [AssetDB] Require engine code (884ms)
2022-06-25T04:13:32.725Z - log: [Package] alipay-mini-game@1.0.0 enable
2022-06-25T04:13:32.760Z - log: [Package] android@1.0.0 enable
2022-06-25T04:13:32.791Z - log: [Package] baidu-mini-game@1.0.0 enable
2022-06-25T04:13:32.824Z - log: [Package] bytedance-mini-game@1.0.1 enable
2022-06-25T04:13:32.854Z - log: [Package] cocos-play@1.0.0 enable
2022-06-25T04:13:32.884Z - log: [Package] huawei-agc@1.0.0 enable
2022-06-25T04:13:32.915Z - log: [Package] huawei-quick-game@1.0.0 enable
2022-06-25T04:13:32.947Z - log: [Package] ios@1.0.0 enable
2022-06-25T04:13:32.977Z - log: [Package] ios-app-clip@1.0.0 enable
2022-06-25T04:13:33.009Z - log: [Package] link-sure@1.0.0 enable
2022-06-25T04:13:33.033Z - log: [Package] linux@1.0.0 enable
2022-06-25T04:13:33.055Z - log: [Package] mac@1.0.0 enable
2022-06-25T04:13:33.119Z - log: [Package] native@1.0.0 enable
2022-06-25T04:13:33.151Z - log: [Package] ohos@1.0.0 enable
2022-06-25T04:13:33.183Z - log: [Package] open-harmonyos@1.0.0 enable
2022-06-25T04:13:33.214Z - log: [Package] oppo-mini-game@1.0.0 enable
2022-06-25T04:13:33.244Z - log: [Package] qtt@1.0.0 enable
2022-06-25T04:13:33.276Z - log: [Package] vivo-mini-game@1.0.0 enable
2022-06-25T04:13:33.314Z - log: [Package] web-desktop@1.0.0 enable
2022-06-25T04:13:33.346Z - log: [Package] web-mobile@1.0.0 enable
2022-06-25T04:13:33.380Z - log: [Package] wechatgame@1.0.1 enable
2022-06-25T04:13:33.403Z - log: [Package] windows@1.0.0 enable
2022-06-25T04:13:33.426Z - log: [Package] xiaomi-quick-game@1.0.0 enable
2022-06-25T04:13:33.573Z - log: [Package] cocos-service@3.0.3 enable
2022-06-25T04:13:33.617Z - log: [Package] importer@1.0.0 enable
2022-06-25T04:13:33.776Z - log: [Im-plugin] Check im-plugin version.
2022-06-25T04:13:33.782Z - log: [Package] im-plugin@3.0.8 enable
2022-06-25T04:13:34.684Z - log: [Im-plugin] No online info of im-plugin.
2022-06-25T04:13:36.450Z - verbose: [Scene] Require engine code (1ms)
2022-06-25T04:13:36.451Z - verbose: [Scene] Startup engine (0ms)
2022-06-25T04:13:36.465Z - log: [Scene] Cocos Creator v3.5.0
2022-06-25T04:13:37.262Z - verbose: [Scene] Open engine (798ms)
2022-06-25T04:13:37.287Z - verbose: [Scene] Configure engine (0ms)
2022-06-25T04:13:37.001Z - info: [Scene] Forward render pipeline initialized.
2022-06-25T04:25:01.707Z - log: [Scene] Cannot use 'in' operator to search for 'position' in nullTypeError: Cannot use 'in' operator to search for 'position' in null
    at SceneFacadeManager.queryNodeDump (D:\Cocos\Cocos 3.5.0\resources\app.asar\builtin\scene\dist\script\3d\facade\scene-facade-manager.ccc:1:13690)
2022-06-25T04:25:01.708Z - error: [Window] Cannot use 'in' operator to search for 'position' in nullTypeError: Cannot use 'in' operator to search for 'position' in null
    at <process:scene>
    at SceneFacadeManager.queryNodeDump (D:\Cocos\Cocos 3.5.0\resources\app.asar\builtin\scene\dist\script\3d\facade\scene-facade-manager.ccc:1:13690)
2022-06-25T04:25:03.166Z - log: [Scene] Cannot use 'in' operator to search for 'position' in nullTypeError: Cannot use 'in' operator to search for 'position' in null
    at SceneFacadeManager.queryNodeDump (D:\Cocos\Cocos 3.5.0\resources\app.asar\builtin\scene\dist\script\3d\facade\scene-facade-manager.ccc:1:13690)
2022-06-25T04:25:03.166Z - error: [Window] Cannot use 'in' operator to search for 'position' in nullTypeError: Cannot use 'in' operator to search for 'position' in null
    at <process:scene>
    at SceneFacadeManager.queryNodeDump (D:\Cocos\Cocos 3.5.0\resources\app.asar\builtin\scene\dist\script\3d\facade\scene-facade-manager.ccc:1:13690)
2022-06-25T04:25:20.007Z - log: [Scene] Cannot use 'in' operator to search for 'position' in nullTypeError: Cannot use 'in' operator to search for 'position' in null
    at SceneFacadeManager.queryNodeDump (D:\Cocos\Cocos 3.5.0\resources\app.asar\builtin\scene\dist\script\3d\facade\scene-facade-manager.ccc:1:13690)
2022-06-25T04:25:20.008Z - error: [Window] Cannot use 'in' operator to search for 'position' in nullTypeError: Cannot use 'in' operator to search for 'position' in null
    at <process:scene>
    at SceneFacadeManager.queryNodeDump (D:\Cocos\Cocos 3.5.0\resources\app.asar\builtin\scene\dist\script\3d\facade\scene-facade-manager.ccc:1:13690)
2022-06-25T04:25:59.304Z - log: [Scene] Cannot use 'in' operator to search for 'position' in nullTypeError: Cannot use 'in' operator to search for 'position' in null
    at SceneFacadeManager.queryNodeDump (D:\Cocos\Cocos 3.5.0\resources\app.asar\builtin\scene\dist\script\3d\facade\scene-facade-manager.ccc:1:13690)
2022-06-25T04:25:59.305Z - error: [Window] Cannot use 'in' operator to search for 'position' in nullTypeError: Cannot use 'in' operator to search for 'position' in null
    at <process:scene>
    at SceneFacadeManager.queryNodeDump (D:\Cocos\Cocos 3.5.0\resources\app.asar\builtin\scene\dist\script\3d\facade\scene-facade-manager.ccc:1:13690)
2022-06-25T04:26:17.971Z - warn: Metrics: no valid info
2022-06-25T07:22:39.372Z - log: [Package] menu@1.0.0 enable
2022-06-25T07:22:39.374Z - log: [Package] profile@1.0.0 enable
2022-06-25T07:22:39.378Z - log: [Package] project@1.0.2 enable
2022-06-25T07:22:39.381Z - log: [Package] messages@1.0.0 enable
2022-06-25T07:22:39.384Z - log: [Package] program@1.0.0 enable
2022-06-25T07:22:39.387Z - log: [Package] tester@1.0.0 enable
2022-06-25T07:22:39.390Z - log: [Package] preferences@1.0.0 enable
2022-06-25T07:22:39.708Z - log: Setup mods mgr.: 184.034ms
2022-06-25T07:22:39.709Z - log: Profile changed: engine (modules.includeModules: 2d,animation,audio,base,dragon-bones,gfx-webgl,gfx-webgl2,intersection-2d,marionette,particle,particle-2d,physics-2d-box2d,physics-ammo,primitive,profiler,skeletal-animation,spine,terrain,tiled-map,tween,ui,video,webview)
2022-06-25T07:22:39.713Z - verbose: [Engine] QuickCompile engine (296ms)
2022-06-25T07:22:39.715Z - log: [Package] engine@1.0.6 enable
2022-06-25T07:22:40.298Z - log: [Package] programming@1.0.0 enable
2022-06-25T07:22:40.649Z - log: [Package] device@1.0.1 enable
2022-06-25T07:22:40.682Z - log: [Package] ui-kit@1.0.1 enable
2022-06-25T07:22:40.712Z - log: [Package] engine-extends@1.0.0 enable
2022-06-25T07:22:40.756Z - log: [Package] asset-db@1.0.0 enable
2022-06-25T07:22:40.799Z - log: [Package] scene@1.0.0 enable
2022-06-25T07:22:40.890Z - log: [Package] server@1.0.0 enable
2022-06-25T07:22:40.914Z - log: [Package] utils@1.0.0 enable
2022-06-25T07:22:42.619Z - log: [Package] preview@1.0.1 enable
2022-06-25T07:22:42.645Z - log: [Package] animator@1.0.0 enable
2022-06-25T07:22:43.272Z - log: [Package] builder@1.3.2 enable
2022-06-25T07:22:43.300Z - log: [Package] shortcuts@1.0.1 enable
2022-06-25T07:22:43.331Z - log: [Package] animation-graph@1.0.0 enable
2022-06-25T07:22:43.353Z - log: [Package] runtime-dev-tools@1.0.0 enable
2022-06-25T07:22:43.375Z - log: [Package] channel-upload-tools@1.0.0 enable
2022-06-25T07:22:43.409Z - log: [Package] about@1.0.0 enable
2022-06-25T07:22:43.442Z - log: [Package] assets@1.0.0 enable
2022-06-25T07:22:43.473Z - log: [Package] console@1.0.0 enable
2022-06-25T07:22:43.571Z - log: [Package] extension@3.0.16 enable
2022-06-25T07:22:43.599Z - log: [Package] hierarchy@1.0.0 enable
2022-06-25T07:22:43.627Z - log: [Package] inspector@1.0.0 enable
2022-06-25T07:22:43.636Z - verbose: [AssetDB] Require engine code (686ms)
2022-06-25T07:22:43.655Z - log: [Package] lightmap@1.0.4 enable
2022-06-25T07:22:43.694Z - log: [Package] node-library@1.0.1 enable
2022-06-25T07:22:43.716Z - log: [Package] package-asset@1.0.0 enable
2022-06-25T07:22:43.743Z - log: [Package] process@1.0.0 enable
2022-06-25T07:22:43.771Z - log: [Package] reference-image@1.0.0 enable
2022-06-25T07:22:43.797Z - log: [Package] alipay-mini-game@1.0.0 enable
2022-06-25T07:22:43.821Z - log: [Package] android@1.0.0 enable
2022-06-25T07:22:43.845Z - log: [Package] baidu-mini-game@1.0.0 enable
2022-06-25T07:22:43.877Z - log: [Package] bytedance-mini-game@1.0.1 enable
2022-06-25T07:22:43.908Z - log: [Package] cocos-play@1.0.0 enable
2022-06-25T07:22:43.939Z - log: [Package] huawei-agc@1.0.0 enable
2022-06-25T07:22:43.961Z - log: [Package] huawei-quick-game@1.0.0 enable
2022-06-25T07:22:43.987Z - log: [Package] ios@1.0.0 enable
2022-06-25T07:22:44.018Z - log: [Package] ios-app-clip@1.0.0 enable
2022-06-25T07:22:44.044Z - log: [Package] link-sure@1.0.0 enable
2022-06-25T07:22:44.082Z - log: [Package] linux@1.0.0 enable
2022-06-25T07:22:44.112Z - log: [Package] mac@1.0.0 enable
2022-06-25T07:22:44.181Z - log: [Package] native@1.0.0 enable
2022-06-25T07:22:44.206Z - log: [Package] ohos@1.0.0 enable
2022-06-25T07:22:44.236Z - log: [Package] open-harmonyos@1.0.0 enable
2022-06-25T07:22:44.267Z - log: [Package] oppo-mini-game@1.0.0 enable
2022-06-25T07:22:44.298Z - log: [Package] qtt@1.0.0 enable
2022-06-25T07:22:44.330Z - log: [Package] vivo-mini-game@1.0.0 enable
2022-06-25T07:22:44.367Z - log: [Package] web-desktop@1.0.0 enable
2022-06-25T07:22:44.399Z - log: [Package] web-mobile@1.0.0 enable
2022-06-25T07:22:44.427Z - log: [Package] wechatgame@1.0.1 enable
2022-06-25T07:22:44.449Z - log: [Package] windows@1.0.0 enable
2022-06-25T07:22:44.470Z - log: [Package] xiaomi-quick-game@1.0.0 enable
2022-06-25T07:22:44.612Z - log: [Package] cocos-service@3.0.3 enable
2022-06-25T07:22:44.644Z - log: [Package] importer@1.0.0 enable
2022-06-25T07:22:44.784Z - log: [Im-plugin] Check im-plugin version.
2022-06-25T07:22:44.790Z - log: [Package] im-plugin@3.0.8 enable
2022-06-25T07:22:45.902Z - log: [Im-plugin] No online info of im-plugin.
2022-06-25T07:22:47.954Z - verbose: [Scene] Require engine code (1ms)
2022-06-25T07:22:47.954Z - verbose: [Scene] Startup engine (0ms)
2022-06-25T07:22:47.968Z - log: [Scene] Cocos Creator v3.5.0
2022-06-25T07:22:48.487Z - verbose: [Scene] Open engine (532ms)
2022-06-25T07:22:48.487Z - verbose: [Scene] Configure engine (1ms)
2022-06-25T07:22:48.179Z - info: [Scene] Forward render pipeline initialized.
2022-06-25T08:05:37.774Z - error: [Window] [Vue warn]: Error in v-on handler: "TypeError: Cannot read property 'value' of undefined"

found in

---> <TreeNode>
       <Tree>
         <Root>
2022-06-25T08:05:37.774Z - error: [Window] Cannot read property 'value' of undefinedTypeError: Cannot read property 'value' of undefined
    at VueComponent.renameChange (D:\Cocos\Cocos 3.5.0\resources\app.asar\modules\editor-extensions\extensions\hierarchy\dist\components\tree-node.ccc:1:2929)
    at input (eval at createFunction (D:\Cocos\Cocos 3.5.0\resources\app.asar\node_modules\vue\dist\vue.js:11628:14), <anonymous>:3:1688)
    at invokeWithErrorHandling (D:\Cocos\Cocos 3.5.0\resources\app.asar\node_modules\vue\dist\vue.js:1863:28)
    at HTMLInputElement.invoker (D:\Cocos\Cocos 3.5.0\resources\app.asar\node_modules\vue\dist\vue.js:2188:16)
    at HTMLInputElement.<anonymous> (D:\Cocos\Cocos 3.5.0\resources\app.asar\node_modules\vue\dist\vue.js:7541:27)
2022-06-25T08:05:39.186Z - error: [Window] [Vue warn]: Error in v-on handler: "TypeError: Cannot read property 'value' of undefined"

found in

---> <TreeNode>
       <Tree>
         <Root>
2022-06-25T08:05:39.186Z - error: [Window] Cannot read property 'value' of undefinedTypeError: Cannot read property 'value' of undefined
    at VueComponent.addChange (D:\Cocos\Cocos 3.5.0\resources\app.asar\modules\editor-extensions\extensions\hierarchy\dist\components\tree-node.ccc:1:3292)
    at input (eval at createFunction (D:\Cocos\Cocos 3.5.0\resources\app.asar\node_modules\vue\dist\vue.js:11628:14), <anonymous>:3:3005)
    at invokeWithErrorHandling (D:\Cocos\Cocos 3.5.0\resources\app.asar\node_modules\vue\dist\vue.js:1863:28)
    at HTMLInputElement.invoker (D:\Cocos\Cocos 3.5.0\resources\app.asar\node_modules\vue\dist\vue.js:2188:16)
    at HTMLInputElement.<anonymous> (D:\Cocos\Cocos 3.5.0\resources\app.asar\node_modules\vue\dist\vue.js:7541:27)
2022-06-25T08:05:39.418Z - error: [Window] [Vue warn]: Error in v-on handler: "TypeError: Cannot read property 'value' of undefined"

found in

---> <TreeNode>
       <Tree>
         <Root>
2022-06-25T08:05:39.418Z - error: [Window] Cannot read property 'value' of undefinedTypeError: Cannot read property 'value' of undefined
    at VueComponent.addChange (D:\Cocos\Cocos 3.5.0\resources\app.asar\modules\editor-extensions\extensions\hierarchy\dist\components\tree-node.ccc:1:3292)
    at input (eval at createFunction (D:\Cocos\Cocos 3.5.0\resources\app.asar\node_modules\vue\dist\vue.js:11628:14), <anonymous>:3:3005)
    at invokeWithErrorHandling (D:\Cocos\Cocos 3.5.0\resources\app.asar\node_modules\vue\dist\vue.js:1863:28)
    at HTMLInputElement.invoker (D:\Cocos\Cocos 3.5.0\resources\app.asar\node_modules\vue\dist\vue.js:2188:16)
    at HTMLInputElement.<anonymous> (D:\Cocos\Cocos 3.5.0\resources\app.asar\node_modules\vue\dist\vue.js:7541:27)
2022-06-25T08:05:39.835Z - error: [Window] [Vue warn]: Error in v-on handler: "TypeError: Cannot read property 'value' of undefined"

found in

---> <TreeNode>
       <Tree>
         <Root>
2022-06-25T08:05:39.835Z - error: [Window] Cannot read property 'value' of undefinedTypeError: Cannot read property 'value' of undefined
    at VueComponent.renameChange (D:\Cocos\Cocos 3.5.0\resources\app.asar\modules\editor-extensions\extensions\hierarchy\dist\components\tree-node.ccc:1:2929)
    at input (eval at createFunction (D:\Cocos\Cocos 3.5.0\resources\app.asar\node_modules\vue\dist\vue.js:11628:14), <anonymous>:3:1688)
    at invokeWithErrorHandling (D:\Cocos\Cocos 3.5.0\resources\app.asar\node_modules\vue\dist\vue.js:1863:28)
    at HTMLInputElement.invoker (D:\Cocos\Cocos 3.5.0\resources\app.asar\node_modules\vue\dist\vue.js:2188:16)
    at HTMLInputElement.<anonymous> (D:\Cocos\Cocos 3.5.0\resources\app.asar\node_modules\vue\dist\vue.js:7541:27)
2022-06-25T08:05:40.043Z - error: [Window] [Vue warn]: Error in v-on handler: "TypeError: Cannot read property 'value' of undefined"

found in

---> <TreeNode>
       <Tree>
         <Root>
2022-06-25T08:05:40.043Z - error: [Window] Cannot read property 'value' of undefinedTypeError: Cannot read property 'value' of undefined
    at VueComponent.addChange (D:\Cocos\Cocos 3.5.0\resources\app.asar\modules\editor-extensions\extensions\hierarchy\dist\components\tree-node.ccc:1:3292)
    at input (eval at createFunction (D:\Cocos\Cocos 3.5.0\resources\app.asar\node_modules\vue\dist\vue.js:11628:14), <anonymous>:3:3005)
    at invokeWithErrorHandling (D:\Cocos\Cocos 3.5.0\resources\app.asar\node_modules\vue\dist\vue.js:1863:28)
    at HTMLInputElement.invoker (D:\Cocos\Cocos 3.5.0\resources\app.asar\node_modules\vue\dist\vue.js:2188:16)
    at HTMLInputElement.<anonymous> (D:\Cocos\Cocos 3.5.0\resources\app.asar\node_modules\vue\dist\vue.js:7541:27)
2022-06-25T08:05:40.275Z - error: [Window] [Vue warn]: Error in v-on handler: "TypeError: Cannot read property 'value' of undefined"

found in

---> <TreeNode>
       <Tree>
         <Root>
2022-06-25T08:05:40.275Z - error: [Window] Cannot read property 'value' of undefinedTypeError: Cannot read property 'value' of undefined
    at VueComponent.renameChange (D:\Cocos\Cocos 3.5.0\resources\app.asar\modules\editor-extensions\extensions\hierarchy\dist\components\tree-node.ccc:1:2929)
    at input (eval at createFunction (D:\Cocos\Cocos 3.5.0\resources\app.asar\node_modules\vue\dist\vue.js:11628:14), <anonymous>:3:1688)
    at invokeWithErrorHandling (D:\Cocos\Cocos 3.5.0\resources\app.asar\node_modules\vue\dist\vue.js:1863:28)
    at HTMLInputElement.invoker (D:\Cocos\Cocos 3.5.0\resources\app.asar\node_modules\vue\dist\vue.js:2188:16)
    at HTMLInputElement.<anonymous> (D:\Cocos\Cocos 3.5.0\resources\app.asar\node_modules\vue\dist\vue.js:7541:27)
